<?xml version="1.0" encoding="utf-8"?>
<test-run id="2" testcasecount="135" result="Failed(Child)" total="135" passed="131" failed="4" inconclusive="0" skipped="0" asserts="0" engine-version="3.5.0.0" clr-version="4.0.30319.42000" start-time="2026-07-27 05:01:30Z" end-time="2026-07-27 05:01:33Z" duration="3.2063938">
  <test-suite type="TestSuite" id="1000" name="Rebuild_GuildMaster" fullname="Rebuild_GuildMaster" runstate="Runnable" testcasecount="135" result="Failed" site="Child" start-time="2026-07-27 05:01:30Z" end-time="2026-07-27 05:01:33Z" duration="3.206394" total="135" passed="131" failed="4" inconclusive="0" skipped="0" asserts="0">
    <properties>
      <property name="platform" value="EditMode" />
    </properties>
    <failure>
      <message><![CDATA[One or more child tests had errors]]></message>
    </failure>
    <test-suite type="Assembly" id="1091" name="GuildMaster.Tests.dll" fullname="D:/Tinh/Rebuild_GuildMaster/Library/ScriptAssemblies/GuildMaster.Tests.dll" runstate="Runnable" testcasecount="76" result="Failed" site="Child" start-time="2026-07-27 05:01:30Z" end-time="2026-07-27 05:01:30Z" duration="0.656424" total="76" passed="72" failed="4" inconclusive="0" skipped="0" asserts="0">
      <properties>
        <property name="_PID" value="107540" />
        <property name="_APPDOMAIN" value="Unity Child Domain" />
        <property name="platform" value="EditMode" />
        <property name="EditorOnly" value="True" />
      </properties>
      <failure>
        <message><![CDATA[One or more child tests had errors]]></message>
      </failure>
      <test-suite type="TestSuite" id="1092" name="GuildMaster" fullname="GuildMaster" runstate="Runnable" testcasecount="76" result="Failed" site="Child" start-time="2026-07-27 05:01:30Z" end-time="2026-07-27 05:01:30Z" duration="0.656246" total="76" passed="72" failed="4" inconclusive="0" skipped="0" asserts="0">
        <properties />
        <failure>
          <message><![CDATA[One or more child tests had errors]]></message>
        </failure>
        <test-suite type="TestSuite" id="1093" name="Tests" fullname="GuildMaster.Tests" runstate="Runnable" testcasecount="76" result="Failed" site="Child" start-time="2026-07-27 05:01:30Z" end-time="2026-07-27 05:01:30Z" duration="0.656168" total="76" passed="72" failed="4" inconclusive="0" skipped="0" asserts="0">
          <properties />
          <failure>
            <message><![CDATA[One or more child tests had errors]]></message>
          </failure>
          <test-suite type="TestSuite" id="1095" name="EditMode" fullname="GuildMaster.Tests.EditMode" runstate="Runnable" testcasecount="75" result="Failed" site="Child" start-time="2026-07-27 05:01:30Z" end-time="2026-07-27 05:01:30Z" duration="0.640653" total="75" passed="71" failed="4" inconclusive="0" skipped="0" asserts="0">
            <properties />
            <failure>
              <message><![CDATA[One or more child tests had errors]]></message>
            </failure>
            <test-suite type="TestFixture" id="1003" name="DatabaseTests" fullname="GuildMaster.Tests.EditMode.DatabaseTests" classname="GuildMaster.Tests.EditMode.DatabaseTests" runstate="Runnable" testcasecount="5" result="Passed" start-time="2026-07-27 05:01:30Z" end-time="2026-07-27 05:01:30Z" duration="0.019269" total="5" passed="5" failed="0" inconclusive="0" skipped="0" asserts="0">
              <properties />
              <test-case id="1008" name="DatabaseBuilder_MissingFile_GeneratesError" fullname="GuildMaster.Tests.EditMode.DatabaseTests.DatabaseBuilder_MissingFile_GeneratesError" methodname="DatabaseBuilder_MissingFile_GeneratesError" classname="GuildMaster.Tests.EditMode.DatabaseTests" runstate="Runnable" seed="1356114363" result="Passed" start-time="2026-07-27 05:01:30Z" end-time="2026-07-27 05:01:30Z" duration="0.006745" asserts="0">
                <properties>
                  <property name="retryIteration" value="0" />
                  <property name="repeatIteration" value="0" />
                </properties>
              </test-case>
              <test-case id="1007" name="DatabaseBuilder_UnsupportedCategory_DoesNotCrash" fullname="GuildMaster.Tests.EditMode.DatabaseTests.DatabaseBuilder_UnsupportedCategory_DoesNotCrash" methodname="DatabaseBuilder_UnsupportedCategory_DoesNotCrash" classname="GuildMaster.Tests.EditMode.DatabaseTests" runstate="Runnable" seed="273164161" result="Passed" start-time="2026-07-27 05:01:30Z" end-time="2026-07-27 05:01:30Z" duration="0.002620" asserts="0">
                <properties>
                  <property name="retryIteration" value="0" />
                  <property name="repeatIteration" value="0" />
                </properties>
              </test-case>
              <test-case id="1004" name="DefinitionFile_Deserialize_SuccessfullyMapsMetadataAndData" fullname="GuildMaster.Tests.EditMode.DatabaseTests.DefinitionFile_Deserialize_SuccessfullyMapsMetadataAndData" methodname="DefinitionFile_Deserialize_SuccessfullyMapsMetadataAndData" classname="GuildMaster.Tests.EditMode.DatabaseTests" runstate="Runnable" seed="1697985312" result="Passed" start-time="2026-07-27 05:01:30Z" end-time="2026-07-27 05:01:30Z" duration="0.000948" asserts="0">
                <properties>
                  <property name="retryIteration" value="0" />
                  <property name="repeatIteration" value="0" />
                </properties>
              </test-case>
              <test-case id="1006" name="GameDatabase_DuplicateIds_LogsWarningButKeepsFirst" fullname="GuildMaster.Tests.EditMode.DatabaseTests.GameDatabase_DuplicateIds_LogsWarningButKeepsFirst" methodname="GameDatabase_DuplicateIds_LogsWarningButKeepsFirst" classname="GuildMaster.Tests.EditMode.DatabaseTests" runstate="Runnable" seed="306020775" result="Passed" start-time="2026-07-27 05:01:30Z" end-time="2026-07-27 05:01:30Z" duration="0.001397" asserts="0">
                <properties>
                  <property name="retryIteration" value="0" />
                  <property name="repeatIteration" value="0" />
                </properties>
                <output><![CDATA[[GameDatabase] Duplicate ID found in ItemDefinition: item1
]]></output>
              </test-case>
              <test-case id="1005" name="Manifest_Deserialize_SuccessfullyMapsFiles" fullname="GuildMaster.Tests.EditMode.DatabaseTests.Manifest_Deserialize_SuccessfullyMapsFiles" methodname="Manifest_Deserialize_SuccessfullyMapsFiles" classname="GuildMaster.Tests.EditMode.DatabaseTests" runstate="Runnable" seed="2112778593" result="Passed" start-time="2026-07-27 05:01:30Z" end-time="2026-07-27 05:01:30Z" duration="0.000167" asserts="0">
                <properties>
                  <property name="retryIteration" value="0" />
                  <property name="repeatIteration" value="0" />
                </properties>
              </test-case>
            </test-suite>
            <test-suite type="TestFixture" id="1009" name="S2VerificationTests" fullname="GuildMaster.Tests.EditMode.S2VerificationTests" classname="GuildMaster.Tests.EditMode.S2VerificationTests" runstate="Runnable" testcasecount="4" result="Failed" site="Child" start-time="2026-07-27 05:01:30Z" end-time="2026-07-27 05:01:30Z" duration="0.008828" total="4" passed="0" failed="4" inconclusive="0" skipped="0" asserts="0">
              <properties />
              <failure>
                <message><![CDATA[One or more child tests had errors]]></message>
              </failure>
              <test-case id="1010" name="S2_001_ItemSystem_LoadedCorrectly" fullname="GuildMaster.Tests.EditMode.S2VerificationTests.S2_001_ItemSystem_LoadedCorrectly" methodname="S2_001_ItemSystem_LoadedCorrectly" classname="GuildMaster.Tests.EditMode.S2VerificationTests" runstate="Runnable" seed="1795295771" result="Failed" start-time="2026-07-27 05:01:30Z" end-time="2026-07-27 05:01:30Z" duration="0.005497" asserts="0">
                <properties>
                  <property name="retryIteration" value="0" />
                  <property name="repeatIteration" value="0" />
                </properties>
                <failure>
                  <message><![CDATA[  Items should be loaded
  Expected: True
  But was:  False
]]></message>
                  <stack-trace><![CDATA[at GuildMaster.Tests.EditMode.S2VerificationTests.S2_001_ItemSystem_LoadedCorrectly () [0x0000b] in D:\Tinh\Rebuild_GuildMaster\Assets\_Game\Scripts\Tests\EditMode\S2VerificationTests.cs:65
]]></stack-trace>
                </failure>
              </test-case>
              <test-case id="1011" name="S2_002_InventorySystem_CapacityAndStacking" fullname="GuildMaster.Tests.EditMode.S2VerificationTests.S2_002_InventorySystem_CapacityAndStacking" methodname="S2_002_InventorySystem_CapacityAndStacking" classname="GuildMaster.Tests.EditMode.S2VerificationTests" runstate="Runnable" seed="370070857" result="Failed" label="Error" start-time="2026-07-27 05:01:30Z" end-time="2026-07-27 05:01:30Z" duration="0.001243" asserts="0">
                <properties>
                  <property name="retryIteration" value="0" />
                  <property name="repeatIteration" value="0" />
                </properties>
                <failure>
                  <message><![CDATA[System.Collections.Generic.KeyNotFoundException : Definition of type ItemDefinition with ID 'ITEM_WOOD' was not found in GameDatabase.]]></message>
                  <stack-trace><![CDATA[  at GuildMaster.Database.GameDatabase.GetRequired[T] (System.String id) [0x0000d] in D:\Tinh\Rebuild_GuildMaster\Assets\_Game\Scripts\Database\GameDatabase.cs:69 
  at GuildMaster.Tests.EditMode.S2VerificationTests.S2_002_InventorySystem_CapacityAndStacking () [0x00021] in D:\Tinh\Rebuild_GuildMaster\Assets\_Game\Scripts\Tests\EditMode\S2VerificationTests.cs:79 
  at (wrapper managed-to-native) System.Reflection.RuntimeMethodInfo.InternalInvoke(System.Reflection.RuntimeMethodInfo,object,object[],System.Exception&)
  at System.Reflection.RuntimeMethodInfo.Invoke (System.Object obj, System.Reflection.BindingFlags invokeAttr, System.Reflection.Binder binder, System.Object[] parameters, System.Globalization.CultureInfo culture) [0x0006a] in <41d29b352f6a475ab1bf7c6628b82790>:0 ]]></stack-trace>
                </failure>
              </test-case>
              <test-case id="1012" name="S2_003_EquipmentSystem_SlotRestrictions" fullname="GuildMaster.Tests.EditMode.S2VerificationTests.S2_003_EquipmentSystem_SlotRestrictions" methodname="S2_003_EquipmentSystem_SlotRestrictions" classname="GuildMaster.Tests.EditMode.S2VerificationTests" runstate="Runnable" seed="167787831" result="Failed" label="Error" start-time="2026-07-27 05:01:30Z" end-time="2026-07-27 05:01:30Z" duration="0.000813" asserts="0">
                <properties>
                  <property name="retryIteration" value="0" />
                  <property name="repeatIteration" value="0" />
                </properties>
                <failure>
                  <message><![CDATA[System.ArgumentException : AdventurerDefinition not found: ADV_NOVICE]]></message>
                  <stack-trace><![CDATA[  at GuildMaster.Runtime.Services.CharacterService.CreateCharacter (System.String definitionId) [0x00040] in D:\Tinh\Rebuild_GuildMaster\Assets\_Game\Scripts\Runtime\Services\CharacterService.cs:93 
  at GuildMaster.Tests.EditMode.S2VerificationTests.S2_003_EquipmentSystem_SlotRestrictions () [0x00000] in D:\Tinh\Rebuild_GuildMaster\Assets\_Game\Scripts\Tests\EditMode\S2VerificationTests.cs:100 
  at (wrapper managed-to-native) System.Reflection.RuntimeMethodInfo.InternalInvoke(System.Reflection.RuntimeMethodInfo,object,object[],System.Exception&)
  at System.Reflection.RuntimeMethodInfo.Invoke (System.Object obj, System.Reflection.BindingFlags invokeAttr, System.Reflection.Binder binder, System.Object[] parameters, System.Globalization.CultureInfo culture) [0x0006a] in <41d29b352f6a475ab1bf7c6628b82790>:0 ]]></stack-trace>
                </failure>
              </test-case>
              <test-case id="1013" name="S2_004_CharacterSystem_StatAggregationAndLevelUp" fullname="GuildMaster.Tests.EditMode.S2VerificationTests.S2_004_CharacterSystem_StatAggregationAndLevelUp" methodname="S2_004_CharacterSystem_StatAggregationAndLevelUp" classname="GuildMaster.Tests.EditMode.S2VerificationTests" runstate="Runnable" seed="1626427854" result="Failed" label="Error" start-time="2026-07-27 05:01:30Z" end-time="2026-07-27 05:01:30Z" duration="0.000410" asserts="0">
                <properties>
                  <property name="retryIteration" value="0" />
                  <property name="repeatIteration" value="0" />
                </properties>
                <failure>
                  <message><![CDATA[System.ArgumentException : AdventurerDefinition not found: ADV_NOVICE]]></message>
                  <stack-trace><![CDATA[  at GuildMaster.Runtime.Services.CharacterService.CreateCharacter (System.String definitionId) [0x00040] in D:\Tinh\Rebuild_GuildMaster\Assets\_Game\Scripts\Runtime\Services\CharacterService.cs:93 
  at GuildMaster.Tests.EditMode.S2VerificationTests.S2_004_CharacterSystem_StatAggregationAndLevelUp () [0x00000] in D:\Tinh\Rebuild_GuildMaster\Assets\_Game\Scripts\Tests\EditMode\S2VerificationTests.cs:116 
  at (wrapper managed-to-native) System.Reflection.RuntimeMethodInfo.InternalInvoke(System.Reflection.RuntimeMethodInfo,object,object[],System.Exception&)
  at System.Reflection.RuntimeMethodInfo.Invoke (System.Object obj, System.Reflection.BindingFlags invokeAttr, System.Reflection.Binder binder, System.Object[] parameters, System.Globalization.CultureInfo culture) [0x0006a] in <41d29b352f6a475ab1bf7c6628b82790>:0 ]]></stack-trace>
                </failure>
              </test-case>
            </test-suite>
            <test-suite type="TestFixture" id="1020" name="S6_5A_Stage1_FoundationTests" fullname="GuildMaster.Tests.EditMode.S6_5A_Stage1_FoundationTests" classname="GuildMaster.Tests.EditMode.S6_5A_Stage1_FoundationTests" runstate="Runnable" testcasecount="37" result="Passed" start-time="2026-07-27 05:01:30Z" end-time="2026-07-27 05:01:30Z" duration="0.010221" total="37" passed="37" failed="0" inconclusive="0" skipped="0" asserts="0">
              <properties />
              <test-case id="1030" name="F01_TotalStarsToNextLp" fullname="GuildMaster.Tests.EditMode.S6_5A_Stage1_FoundationTests.F01_TotalStarsToNextLp" methodname="F01_TotalStarsToNextLp" classname="GuildMaster.Tests.EditMode.S6_5A_Stage1_FoundationTests" runstate="Runnable" seed="519794307" result="Passed" start-time="2026-07-27 05:01:30Z" end-time="2026-07-27 05:01:30Z" duration="0.000156" asserts="0">
                <properties>
                  <property name="retryIteration" value="0" />
                  <property name="repeatIteration" value="0" />
                </properties>
              </test-case>
              <test-case id="1032" name="F02_QuartersPrice_BeyondTableIsUnaffordable" fullname="GuildMaster.Tests.EditMode.S6_5A_Stage1_FoundationTests.F02_QuartersPrice_BeyondTableIsUnaffordable" methodname="F02_QuartersPrice_BeyondTableIsUnaffordable" classname="GuildMaster.Tests.EditMode.S6_5A_Stage1_FoundationTests" runstate="Runnable" seed="1660297824" result="Passed" start-time="2026-07-27 05:01:30Z" end-time="2026-07-27 05:01:30Z" duration="0.000292" asserts="0">
                <properties>
                  <property name="retryIteration" value="0" />
                  <property name="repeatIteration" value="0" />
                </properties>
              </test-case>
              <test-case id="1031" name="F02_QuartersPrice_MatchesLookupTable" fullname="GuildMaster.Tests.EditMode.S6_5A_Stage1_FoundationTests.F02_QuartersPrice_MatchesLookupTable" methodname="F02_QuartersPrice_MatchesLookupTable" classname="GuildMaster.Tests.EditMode.S6_5A_Stage1_FoundationTests" runstate="Runnable" seed="715720130" result="Passed" start-time="2026-07-27 05:01:30Z" end-time="2026-07-27 05:01:30Z" duration="0.000118" asserts="0">
                <properties>
                  <property name="retryIteration" value="0" />
                  <property name="repeatIteration" value="0" />
                </properties>
              </test-case>
              <test-case id="1033" name="F03_TavernCapacityPrice" fullname="GuildMaster.Tests.EditMode.S6_5A_Stage1_FoundationTests.F03_TavernCapacityPrice" methodname="F03_TavernCapacityPrice" classname="GuildMaster.Tests.EditMode.S6_5A_Stage1_FoundationTests" runstate="Runnable" seed="1544047257" result="Passed" start-time="2026-07-27 05:01:30Z" end-time="2026-07-27 05:01:30Z" duration="0.000141" asserts="0">
                <properties>
                  <property name="retryIteration" value="0" />
                  <property name="repeatIteration" value="0" />
                </properties>
              </test-case>
              <test-case id="1034" name="F04_TavernTimePrice" fullname="GuildMaster.Tests.EditMode.S6_5A_Stage1_FoundationTests.F04_TavernTimePrice" methodname="F04_TavernTimePrice" classname="GuildMaster.Tests.EditMode.S6_5A_Stage1_FoundationTests" runstate="Runnable" seed="68418205" result="Passed" start-time="2026-07-27 05:01:30Z" end-time="2026-07-27 05:01:30Z" duration="0.000095" asserts="0">
                <properties>
                  <property name="retryIteration" value="0" />
                  <property name="repeatIteration" value="0" />
                </properties>
              </test-case>
              <test-case id="1035" name="F05_StorageCapacityPrice_IsCumulativeAndNotTruncated" fullname="GuildMaster.Tests.EditMode.S6_5A_Stage1_FoundationTests.F05_StorageCapacityPrice_IsCumulativeAndNotTruncated" methodname="F05_StorageCapacityPrice_IsCumulativeAndNotTruncated" classname="GuildMaster.Tests.EditMode.S6_5A_Stage1_FoundationTests" runstate="Runnable" seed="1573625430" result="Passed" start-time="2026-07-27 05:01:30Z" end-time="2026-07-27 05:01:30Z" duration="0.000126" asserts="0">
                <properties>
                  <property name="retryIteration" value="0" />
                  <property name="repeatIteration" value="0" />
                </properties>
              </test-case>
              <test-case id="1036" name="F05_StorageCapacityPrice_StopsAtEighty" fullname="GuildMaster.Tests.EditMode.S6_5A_Stage1_FoundationTests.F05_StorageCapacityPrice_StopsAtEighty" methodname="F05_StorageCapacityPrice_StopsAtEighty" classname="GuildMaster.Tests.EditMode.S6_5A_Stage1_FoundationTests" runstate="Runnable" seed="1050588892" result="Passed" start-time="2026-07-27 05:01:30Z" end-time="2026-07-27 05:01:30Z" duration="0.000103" asserts="0">
                <properties>
                  <property name="retryIteration" value="0" />
                  <property name="repeatIteration" value="0" />
                </properties>
              </test-case>
              <test-case id="1037" name="F06_F08_MarketAndWorkshopQueuePricesShareShape" fullname="GuildMaster.Tests.EditMode.S6_5A_Stage1_FoundationTests.F06_F08_MarketAndWorkshopQueuePricesShareShape" methodname="F06_F08_MarketAndWorkshopQueuePricesShareShape" classname="GuildMaster.Tests.EditMode.S6_5A_Stage1_FoundationTests" runstate="Runnable" seed="1350922" result="Passed" start-time="2026-07-27 05:01:30Z" end-time="2026-07-27 05:01:30Z" duration="0.000109" asserts="0">
                <properties>
                  <property name="retryIteration" value="0" />
                  <property name="repeatIteration" value="0" />
                </properties>
              </test-case>
              <test-case id="1038" name="F07_F09_MarketAndWorkshopTimePricesShareShape" fullname="GuildMaster.Tests.EditMode.S6_5A_Stage1_FoundationTests.F07_F09_MarketAndWorkshopTimePricesShareShape" methodname="F07_F09_MarketAndWorkshopTimePricesShareShape" classname="GuildMaster.Tests.EditMode.S6_5A_Stage1_FoundationTests" runstate="Runnable" seed="1227113473" result="Passed" start-time="2026-07-27 05:01:30Z" end-time="2026-07-27 05:01:30Z" duration="0.000100" asserts="0">
                <properties>
                  <property name="retryIteration" value="0" />
                  <property name="repeatIteration" value="0" />
                </properties>
              </test-case>
              <test-case id="1039" name="F10_ShelterPrice" fullname="GuildMaster.Tests.EditMode.S6_5A_Stage1_FoundationTests.F10_ShelterPrice" methodname="F10_ShelterPrice" classname="GuildMaster.Tests.EditMode.S6_5A_Stage1_FoundationTests" runstate="Runnable" seed="1499727709" result="Passed" start-time="2026-07-27 05:01:30Z" end-time="2026-07-27 05:01:30Z" duration="0.000101" asserts="0">
                <properties>
                  <property name="retryIteration" value="0" />
                  <property name="repeatIteration" value="0" />
                </properties>
              </test-case>
              <test-case id="1040" name="F11_ShelterAutofeedIsAOneOffPurchase" fullname="GuildMaster.Tests.EditMode.S6_5A_Stage1_FoundationTests.F11_ShelterAutofeedIsAOneOffPurchase" methodname="F11_ShelterAutofeedIsAOneOffPurchase" classname="GuildMaster.Tests.EditMode.S6_5A_Stage1_FoundationTests" runstate="Runnable" seed="1696661459" result="Passed" start-time="2026-07-27 05:01:30Z" end-time="2026-07-27 05:01:30Z" duration="0.000082" asserts="0">
                <properties>
                  <property name="retryIteration" value="0" />
                  <property name="repeatIteration" value="0" />
                </properties>
              </test-case>
              <test-case id="1041" name="F12_QuartersCapacity_AppliesPurchaseBonuses" fullname="GuildMaster.Tests.EditMode.S6_5A_Stage1_FoundationTests.F12_QuartersCapacity_AppliesPurchaseBonuses" methodname="F12_QuartersCapacity_AppliesPurchaseBonuses" classname="GuildMaster.Tests.EditMode.S6_5A_Stage1_FoundationTests" runstate="Runnable" seed="986217182" result="Passed" start-time="2026-07-27 05:01:30Z" end-time="2026-07-27 05:01:30Z" duration="0.000157" asserts="0">
                <properties>
                  <property name="retryIteration" value="0" />
                  <property name="repeatIteration" value="0" />
                </properties>
              </test-case>
              <test-case id="1042" name="F13_TavernVisitorInterval_IsMillisecondsAndShrinksPerLevel" fullname="GuildMaster.Tests.EditMode.S6_5A_Stage1_FoundationTests.F13_TavernVisitorInterval_IsMillisecondsAndShrinksPerLevel" methodname="F13_TavernVisitorInterval_IsMillisecondsAndShrinksPerLevel" classname="GuildMaster.Tests.EditMode.S6_5A_Stage1_FoundationTests" runstate="Runnable" seed="2062201769" result="Passed" start-time="2026-07-27 05:01:30Z" end-time="2026-07-27 05:01:30Z" duration="0.000123" asserts="0">
                <properties>
                  <property name="retryIteration" value="0" />
                  <property name="repeatIteration" value="0" />
                </properties>
              </test-case>
              <test-case id="1043" name="F14_TavernCapacity" fullname="GuildMaster.Tests.EditMode.S6_5A_Stage1_FoundationTests.F14_TavernCapacity" methodname="F14_TavernCapacity" classname="GuildMaster.Tests.EditMode.S6_5A_Stage1_FoundationTests" runstate="Runnable" seed="1913958563" result="Passed" start-time="2026-07-27 05:01:30Z" end-time="2026-07-27 05:01:30Z" duration="0.000128" asserts="0">
                <properties>
                  <property name="retryIteration" value="0" />
                  <property name="repeatIteration" value="0" />
                </properties>
              </test-case>
              <test-case id="1044" name="F15_F16_MarketAndWorkshopSlots" fullname="GuildMaster.Tests.EditMode.S6_5A_Stage1_FoundationTests.F15_F16_MarketAndWorkshopSlots" methodname="F15_F16_MarketAndWorkshopSlots" classname="GuildMaster.Tests.EditMode.S6_5A_Stage1_FoundationTests" runstate="Runnable" seed="433930587" result="Passed" start-time="2026-07-27 05:01:30Z" end-time="2026-07-27 05:01:30Z" duration="0.000155" asserts="0">
                <properties>
                  <property name="retryIteration" value="0" />
                  <property name="repeatIteration" value="0" />
                </properties>
              </test-case>
              <test-case id="1045" name="F17_StorageSpaces_UsesLargePackBonuses" fullname="GuildMaster.Tests.EditMode.S6_5A_Stage1_FoundationTests.F17_StorageSpaces_UsesLargePackBonuses" methodname="F17_StorageSpaces_UsesLargePackBonuses" classname="GuildMaster.Tests.EditMode.S6_5A_Stage1_FoundationTests" runstate="Runnable" seed="1811260994" result="Passed" start-time="2026-07-27 05:01:30Z" end-time="2026-07-27 05:01:30Z" duration="0.000091" asserts="0">
                <properties>
                  <property name="retryIteration" value="0" />
                  <property name="repeatIteration" value="0" />
                </properties>
              </test-case>
              <test-case id="1046" name="F18_ShelterCapacityHasNoPurchaseBonus" fullname="GuildMaster.Tests.EditMode.S6_5A_Stage1_FoundationTests.F18_ShelterCapacityHasNoPurchaseBonus" methodname="F18_ShelterCapacityHasNoPurchaseBonus" classname="GuildMaster.Tests.EditMode.S6_5A_Stage1_FoundationTests" runstate="Runnable" seed="946498422" result="Passed" start-time="2026-07-27 05:01:30Z" end-time="2026-07-27 05:01:30Z" duration="0.000068" asserts="0">
                <properties>
                  <property name="retryIteration" value="0" />
                  <property name="repeatIteration" value="0" />
                </properties>
              </test-case>
              <test-case id="1048" name="F19_ExperienceToNextLevel_FlooringBuckets" fullname="GuildMaster.Tests.EditMode.S6_5A_Stage1_FoundationTests.F19_ExperienceToNextLevel_FlooringBuckets" methodname="F19_ExperienceToNextLevel_FlooringBuckets" classname="GuildMaster.Tests.EditMode.S6_5A_Stage1_FoundationTests" runstate="Runnable" seed="1906652680" result="Passed" start-time="2026-07-27 05:01:30Z" end-time="2026-07-27 05:01:30Z" duration="0.000201" asserts="0">
                <properties>
                  <property name="retryIteration" value="0" />
                  <property name="repeatIteration" value="0" />
                </properties>
              </test-case>
              <test-case id="1047" name="F19_ExperienceToNextLevel_StepsDownByMagnitude" fullname="GuildMaster.Tests.EditMode.S6_5A_Stage1_FoundationTests.F19_ExperienceToNextLevel_StepsDownByMagnitude" methodname="F19_ExperienceToNextLevel_StepsDownByMagnitude" classname="GuildMaster.Tests.EditMode.S6_5A_Stage1_FoundationTests" runstate="Runnable" seed="1248459753" result="Passed" start-time="2026-07-27 05:01:30Z" end-time="2026-07-27 05:01:30Z" duration="0.000086" asserts="0">
                <properties>
                  <property name="retryIteration" value="0" />
                  <property name="repeatIteration" value="0" />
                </properties>
              </test-case>
              <test-case id="1049" name="F20_FoodToNextLevel" fullname="GuildMaster.Tests.EditMode.S6_5A_Stage1_FoundationTests.F20_FoodToNextLevel" methodname="F20_FoodToNextLevel" classname="GuildMaster.Tests.EditMode.S6_5A_Stage1_FoundationTests" runstate="Runnable" seed="1548433043" result="Passed" start-time="2026-07-27 05:01:30Z" end-time="2026-07-27 05:01:30Z" duration="0.000083" asserts="0">
                <properties>
                  <property name="retryIteration" value="0" />
                  <property name="repeatIteration" value="0" />
                </properties>
              </test-case>
              <test-case id="1057" name="InventoryCapacity_FormulaMatchesStorageSpaces" fullname="GuildMaster.Tests.EditMode.S6_5A_Stage1_FoundationTests.InventoryCapacity_FormulaMatchesStorageSpaces" methodname="InventoryCapacity_FormulaMatchesStorageSpaces" classname="GuildMaster.Tests.EditMode.S6_5A_Stage1_FoundationTests" runstate="Runnable" seed="330240071" result="Passed" start-time="2026-07-27 05:01:30Z" end-time="2026-07-27 05:01:30Z" duration="0.000095" asserts="0">
                <properties>
                  <property name="retryIteration" value="0" />
                  <property name="repeatIteration" value="0" />
                </properties>
              </test-case>
              <test-case id="1029" name="RollFromWeightedMap_HandlesNullAndEmpty" fullname="GuildMaster.Tests.EditMode.S6_5A_Stage1_FoundationTests.RollFromWeightedMap_HandlesNullAndEmpty" methodname="RollFromWeightedMap_HandlesNullAndEmpty" classname="GuildMaster.Tests.EditMode.S6_5A_Stage1_FoundationTests" runstate="Runnable" seed="402999283" result="Passed" start-time="2026-07-27 05:01:30Z" end-time="2026-07-27 05:01:30Z" duration="0.000484" asserts="0">
                <properties>
                  <property name="retryIteration" value="0" />
                  <property name="repeatIteration" value="0" />
                </properties>
              </test-case>
              <test-case id="1028" name="RollFromWeightedMap_ReturnsDefaultWhenWeightsUnderfillTheScale" fullname="GuildMaster.Tests.EditMode.S6_5A_Stage1_FoundationTests.RollFromWeightedMap_ReturnsDefaultWhenWeightsUnderfillTheScale" methodname="RollFromWeightedMap_ReturnsDefaultWhenWeightsUnderfillTheScale" classname="GuildMaster.Tests.EditMode.S6_5A_Stage1_FoundationTests" runstate="Runnable" seed="1735471986" result="Passed" start-time="2026-07-27 05:01:30Z" end-time="2026-07-27 05:01:30Z" duration="0.000433" asserts="0">
                <properties>
                  <property name="retryIteration" value="0" />
                  <property name="repeatIteration" value="0" />
                </properties>
              </test-case>
              <test-case id="1027" name="RollFromWeightedMap_SelectsByCumulativePerMilleWeight" fullname="GuildMaster.Tests.EditMode.S6_5A_Stage1_FoundationTests.RollFromWeightedMap_SelectsByCumulativePerMilleWeight" methodname="RollFromWeightedMap_SelectsByCumulativePerMilleWeight" classname="GuildMaster.Tests.EditMode.S6_5A_Stage1_FoundationTests" runstate="Runnable" seed="1252315906" result="Passed" start-time="2026-07-27 05:01:30Z" end-time="2026-07-27 05:01:30Z" duration="0.000252" asserts="0">
                <properties>
                  <property name="retryIteration" value="0" />
                  <property name="repeatIteration" value="0" />
                </properties>
              </test-case>
              <test-case id="1022" name="Round_EpsilonRescuesFloatingPointUndershoot" fullname="GuildMaster.Tests.EditMode.S6_5A_Stage1_FoundationTests.Round_EpsilonRescuesFloatingPointUndershoot" methodname="Round_EpsilonRescuesFloatingPointUndershoot" classname="GuildMaster.Tests.EditMode.S6_5A_Stage1_FoundationTests" runstate="Runnable" seed="869116015" result="Passed" start-time="2026-07-27 05:01:30Z" end-time="2026-07-27 05:01:30Z" duration="0.000145" asserts="0">
                <properties>
                  <property name="retryIteration" value="0" />
                  <property name="repeatIteration" value="0" />
                </properties>
              </test-case>
              <test-case id="1023" name="Round_HandlesZeroAndExactIntegers" fullname="GuildMaster.Tests.EditMode.S6_5A_Stage1_FoundationTests.Round_HandlesZeroAndExactIntegers" methodname="Round_HandlesZeroAndExactIntegers" classname="GuildMaster.Tests.EditMode.S6_5A_Stage1_FoundationTests" runstate="Runnable" seed="1432157746" result="Passed" start-time="2026-07-27 05:01:30Z" end-time="2026-07-27 05:01:30Z" duration="0.000093" asserts="0">
                <properties>
                  <property name="retryIteration" value="0" />
                  <property name="repeatIteration" value="0" />
                </properties>
              </test-case>
              <test-case id="1021" name="Round_TruncatesRatherThanRounding" fullname="GuildMaster.Tests.EditMode.S6_5A_Stage1_FoundationTests.Round_TruncatesRatherThanRounding" methodname="Round_TruncatesRatherThanRounding" classname="GuildMaster.Tests.EditMode.S6_5A_Stage1_FoundationTests" runstate="Runnable" seed="2115455814" result="Passed" start-time="2026-07-27 05:01:30Z" end-time="2026-07-27 05:01:30Z" duration="0.000119" asserts="0">
                <properties>
                  <property name="retryIteration" value="0" />
                  <property name="repeatIteration" value="0" />
                </properties>
              </test-case>
              <test-case id="1054" name="SaveData_GetPurchaseFlags_MirrorsStoredFlags" fullname="GuildMaster.Tests.EditMode.S6_5A_Stage1_FoundationTests.SaveData_GetPurchaseFlags_MirrorsStoredFlags" methodname="SaveData_GetPurchaseFlags_MirrorsStoredFlags" classname="GuildMaster.Tests.EditMode.S6_5A_Stage1_FoundationTests" runstate="Runnable" seed="1726403213" result="Passed" start-time="2026-07-27 05:01:30Z" end-time="2026-07-27 05:01:30Z" duration="0.000111" asserts="0">
                <properties>
                  <property name="retryIteration" value="0" />
                  <property name="repeatIteration" value="0" />
                </properties>
              </test-case>
              <test-case id="1053" name="SaveData_NewFieldsDefaultToFreshGameValues" fullname="GuildMaster.Tests.EditMode.S6_5A_Stage1_FoundationTests.SaveData_NewFieldsDefaultToFreshGameValues" methodname="SaveData_NewFieldsDefaultToFreshGameValues" classname="GuildMaster.Tests.EditMode.S6_5A_Stage1_FoundationTests" runstate="Runnable" seed="218205493" result="Passed" start-time="2026-07-27 05:01:30Z" end-time="2026-07-27 05:01:30Z" duration="0.000162" asserts="0">
                <properties>
                  <property name="retryIteration" value="0" />
                  <property name="repeatIteration" value="0" />
                </properties>
              </test-case>
              <test-case id="1052" name="SaveData_NormalizeAfterLoad_FixesCharacterStatusEffectLists" fullname="GuildMaster.Tests.EditMode.S6_5A_Stage1_FoundationTests.SaveData_NormalizeAfterLoad_FixesCharacterStatusEffectLists" methodname="SaveData_NormalizeAfterLoad_FixesCharacterStatusEffectLists" classname="GuildMaster.Tests.EditMode.S6_5A_Stage1_FoundationTests" runstate="Runnable" seed="2042391886" result="Passed" start-time="2026-07-27 05:01:30Z" end-time="2026-07-27 05:01:30Z" duration="0.000380" asserts="0">
                <properties>
                  <property name="retryIteration" value="0" />
                  <property name="repeatIteration" value="0" />
                </properties>
              </test-case>
              <test-case id="1051" name="SaveData_NormalizeAfterLoad_PreservesExistingValues" fullname="GuildMaster.Tests.EditMode.S6_5A_Stage1_FoundationTests.SaveData_NormalizeAfterLoad_PreservesExistingValues" methodname="SaveData_NormalizeAfterLoad_PreservesExistingValues" classname="GuildMaster.Tests.EditMode.S6_5A_Stage1_FoundationTests" runstate="Runnable" seed="1916419715" result="Passed" start-time="2026-07-27 05:01:30Z" end-time="2026-07-27 05:01:30Z" duration="0.000272" asserts="0">
                <properties>
                  <property name="retryIteration" value="0" />
                  <property name="repeatIteration" value="0" />
                </properties>
              </test-case>
              <test-case id="1050" name="SaveData_NormalizeAfterLoad_ReplacesNullCollections" fullname="GuildMaster.Tests.EditMode.S6_5A_Stage1_FoundationTests.SaveData_NormalizeAfterLoad_ReplacesNullCollections" methodname="SaveData_NormalizeAfterLoad_ReplacesNullCollections" classname="GuildMaster.Tests.EditMode.S6_5A_Stage1_FoundationTests" runstate="Runnable" seed="815481222" result="Passed" start-time="2026-07-27 05:01:30Z" end-time="2026-07-27 05:01:30Z" duration="0.000268" asserts="0">
                <properties>
                  <property name="retryIteration" value="0" />
                  <property name="repeatIteration" value="0" />
                </properties>
              </test-case>
              <test-case id="1056" name="SaveData_OldSaveWithoutNewFieldsStillLoads" fullname="GuildMaster.Tests.EditMode.S6_5A_Stage1_FoundationTests.SaveData_OldSaveWithoutNewFieldsStillLoads" methodname="SaveData_OldSaveWithoutNewFieldsStillLoads" classname="GuildMaster.Tests.EditMode.S6_5A_Stage1_FoundationTests" runstate="Runnable" seed="2117898049" result="Passed" start-time="2026-07-27 05:01:30Z" end-time="2026-07-27 05:01:30Z" duration="0.000852" asserts="0">
                <properties>
                  <property name="retryIteration" value="0" />
                  <property name="repeatIteration" value="0" />
                </properties>
              </test-case>
              <test-case id="1055" name="SaveData_SerializationRoundTripKeepsNewFields" fullname="GuildMaster.Tests.EditMode.S6_5A_Stage1_FoundationTests.SaveData_SerializationRoundTripKeepsNewFields" methodname="SaveData_SerializationRoundTripKeepsNewFields" classname="GuildMaster.Tests.EditMode.S6_5A_Stage1_FoundationTests" runstate="Runnable" seed="887664793" result="Passed" start-time="2026-07-27 05:01:30Z" end-time="2026-07-27 05:01:30Z" duration="0.001164" asserts="0">
                <properties>
                  <property name="retryIteration" value="0" />
                  <property name="repeatIteration" value="0" />
                </properties>
              </test-case>
              <test-case id="1026" name="TruncatePrice_DropsLastFourDigitsAboveOneMillion" fullname="GuildMaster.Tests.EditMode.S6_5A_Stage1_FoundationTests.TruncatePrice_DropsLastFourDigitsAboveOneMillion" methodname="TruncatePrice_DropsLastFourDigitsAboveOneMillion" classname="GuildMaster.Tests.EditMode.S6_5A_Stage1_FoundationTests" runstate="Runnable" seed="2039620467" result="Passed" start-time="2026-07-27 05:01:30Z" end-time="2026-07-27 05:01:30Z" duration="0.000105" asserts="0">
                <properties>
                  <property name="retryIteration" value="0" />
                  <property name="repeatIteration" value="0" />
                </properties>
              </test-case>
              <test-case id="1025" name="TruncatePrice_DropsLastTwoDigitsInMidRange" fullname="GuildMaster.Tests.EditMode.S6_5A_Stage1_FoundationTests.TruncatePrice_DropsLastTwoDigitsInMidRange" methodname="TruncatePrice_DropsLastTwoDigitsInMidRange" classname="GuildMaster.Tests.EditMode.S6_5A_Stage1_FoundationTests" runstate="Runnable" seed="1790990586" result="Passed" start-time="2026-07-27 05:01:30Z" end-time="2026-07-27 05:01:30Z" duration="0.000080" asserts="0">
                <properties>
                  <property name="retryIteration" value="0" />
                  <property name="repeatIteration" value="0" />
                </properties>
              </test-case>
              <test-case id="1024" name="TruncatePrice_LeavesSmallPricesUntouched" fullname="GuildMaster.Tests.EditMode.S6_5A_Stage1_FoundationTests.TruncatePrice_LeavesSmallPricesUntouched" methodname="TruncatePrice_LeavesSmallPricesUntouched" classname="GuildMaster.Tests.EditMode.S6_5A_Stage1_FoundationTests" runstate="Runnable" seed="638866582" result="Passed" start-time="2026-07-27 05:01:30Z" end-time="2026-07-27 05:01:30Z" duration="0.000092" asserts="0">
                <properties>
                  <property name="retryIteration" value="0" />
                  <property name="repeatIteration" value="0" />
                </properties>
              </test-case>
            </test-suite>
            <test-suite type="TestFixture" id="1014" name="S6_5A_Stage10_SettingsTests" fullname="GuildMaster.Tests.EditMode.S6_5A_Stage10_SettingsTests" classname="GuildMaster.Tests.EditMode.S6_5A_Stage10_SettingsTests" runstate="Runnable" testcasecount="2" result="Passed" start-time="2026-07-27 05:01:30Z" end-time="2026-07-27 05:01:30Z" duration="0.028446" total="2" passed="2" failed="0" inconclusive="0" skipped="0" asserts="0">
              <properties />
              <test-case id="1016" name="SettingsService_ResetToDefault_RestoresDefaults" fullname="GuildMaster.Tests.EditMode.S6_5A_Stage10_SettingsTests.SettingsService_ResetToDefault_RestoresDefaults" methodname="SettingsService_ResetToDefault_RestoresDefaults" classname="GuildMaster.Tests.EditMode.S6_5A_Stage10_SettingsTests" runstate="Runnable" seed="1545193802" result="Passed" start-time="2026-07-27 05:01:30Z" end-time="2026-07-27 05:01:30Z" duration="0.014598" asserts="0">
                <properties>
                  <property name="retryIteration" value="0" />
                  <property name="repeatIteration" value="0" />
                </properties>
              </test-case>
              <test-case id="1015" name="SettingsService_SetAndGetToggle_UpdatesSaveData" fullname="GuildMaster.Tests.EditMode.S6_5A_Stage10_SettingsTests.SettingsService_SetAndGetToggle_UpdatesSaveData" methodname="SettingsService_SetAndGetToggle_UpdatesSaveData" classname="GuildMaster.Tests.EditMode.S6_5A_Stage10_SettingsTests" runstate="Runnable" seed="68807284" result="Passed" start-time="2026-07-27 05:01:30Z" end-time="2026-07-27 05:01:30Z" duration="0.013336" asserts="0">
                <properties>
                  <property name="retryIteration" value="0" />
                  <property name="repeatIteration" value="0" />
                </properties>
              </test-case>
            </test-suite>
            <test-suite type="TestFixture" id="1017" name="S6_5A_Stage11_OfflineTests" fullname="GuildMaster.Tests.EditMode.S6_5A_Stage11_OfflineTests" classname="GuildMaster.Tests.EditMode.S6_5A_Stage11_OfflineTests" runstate="Runnable" testcasecount="2" result="Passed" start-time="2026-07-27 05:01:30Z" end-time="2026-07-27 05:01:30Z" duration="0.028636" total="2" passed="2" failed="0" inconclusive="0" skipped="0" asserts="0">
              <properties />
              <test-case id="1019" name="OfflineProgressService_ApplyOfflineProgress_SimulatesCraftAndMarketAndUpdatesSaveTime" fullname="GuildMaster.Tests.EditMode.S6_5A_Stage11_OfflineTests.OfflineProgressService_ApplyOfflineProgress_SimulatesCraftAndMarketAndUpdatesSaveTime" methodname="OfflineProgressService_ApplyOfflineProgress_SimulatesCraftAndMarketAndUpdatesSaveTime" classname="GuildMaster.Tests.EditMode.S6_5A_Stage11_OfflineTests" runstate="Runnable" seed="1544113585" result="Passed" start-time="2026-07-27 05:01:30Z" end-time="2026-07-27 05:01:30Z" duration="0.013865" asserts="0">
                <properties>
                  <property name="retryIteration" value="0" />
                  <property name="repeatIteration" value="0" />
                </properties>
              </test-case>
              <test-case id="1018" name="OfflineProgressService_CalculateOfflineDeltaSeconds_CapsAt12Hours" fullname="GuildMaster.Tests.EditMode.S6_5A_Stage11_OfflineTests.OfflineProgressService_CalculateOfflineDeltaSeconds_CapsAt12Hours" methodname="OfflineProgressService_CalculateOfflineDeltaSeconds_CapsAt12Hours" classname="GuildMaster.Tests.EditMode.S6_5A_Stage11_OfflineTests" runstate="Runnable" seed="178910009" result="Passed" start-time="2026-07-27 05:01:30Z" end-time="2026-07-27 05:01:30Z" duration="0.014195" asserts="0">
                <properties>
                  <property name="retryIteration" value="0" />
                  <property name="repeatIteration" value="0" />
                </properties>
              </test-case>
            </test-suite>
            <test-suite type="TestFixture" id="1058" name="S6_5A_Stage2_ServiceWiringTests" fullname="GuildMaster.Tests.EditMode.S6_5A_Stage2_ServiceWiringTests" classname="GuildMaster.Tests.EditMode.S6_5A_Stage2_ServiceWiringTests" runstate="Runnable" testcasecount="5" result="Passed" start-time="2026-07-27 05:01:30Z" end-time="2026-07-27 05:01:30Z" duration="0.071232" total="5" passed="5" failed="0" inconclusive="0" skipped="0" asserts="0">
              <properties />
              <test-case id="1061" name="DoctrineService_ProgressAndLevelUp_WorksCorrectly" fullname="GuildMaster.Tests.EditMode.S6_5A_Stage2_ServiceWiringTests.DoctrineService_ProgressAndLevelUp_WorksCorrectly" methodname="DoctrineService_ProgressAndLevelUp_WorksCorrectly" classname="GuildMaster.Tests.EditMode.S6_5A_Stage2_ServiceWiringTests" runstate="Runnable" seed="870597929" result="Passed" start-time="2026-07-27 05:01:30Z" end-time="2026-07-27 05:01:30Z" duration="0.014514" asserts="0">
                <properties>
                  <property name="retryIteration" value="0" />
                  <property name="repeatIteration" value="0" />
                </properties>
              </test-case>
              <test-case id="1059" name="ServiceContainer_Initialization_AllServicesNotNull" fullname="GuildMaster.Tests.EditMode.S6_5A_Stage2_ServiceWiringTests.ServiceContainer_Initialization_AllServicesNotNull" methodname="ServiceContainer_Initialization_AllServicesNotNull" classname="GuildMaster.Tests.EditMode.S6_5A_Stage2_ServiceWiringTests" runstate="Runnable" seed="417093656" result="Passed" start-time="2026-07-27 05:01:30Z" end-time="2026-07-27 05:01:30Z" duration="0.013766" asserts="0">
                <properties>
                  <property name="retryIteration" value="0" />
                  <property name="repeatIteration" value="0" />
                </properties>
              </test-case>
              <test-case id="1060" name="ServiceContainer_SharedSaveService_MutationsReflectedAcrossServices" fullname="GuildMaster.Tests.EditMode.S6_5A_Stage2_ServiceWiringTests.ServiceContainer_SharedSaveService_MutationsReflectedAcrossServices" methodname="ServiceContainer_SharedSaveService_MutationsReflectedAcrossServices" classname="GuildMaster.Tests.EditMode.S6_5A_Stage2_ServiceWiringTests" runstate="Runnable" seed="1028970521" result="Passed" start-time="2026-07-27 05:01:30Z" end-time="2026-07-27 05:01:30Z" duration="0.014007" asserts="0">
                <properties>
                  <property name="retryIteration" value="0" />
                  <property name="repeatIteration" value="0" />
                </properties>
              </test-case>
              <test-case id="1063" name="SettingsService_TogglesAndLanguage_PersistedInSave" fullname="GuildMaster.Tests.EditMode.S6_5A_Stage2_ServiceWiringTests.SettingsService_TogglesAndLanguage_PersistedInSave" methodname="SettingsService_TogglesAndLanguage_PersistedInSave" classname="GuildMaster.Tests.EditMode.S6_5A_Stage2_ServiceWiringTests" runstate="Runnable" seed="1271397609" result="Passed" start-time="2026-07-27 05:01:30Z" end-time="2026-07-27 05:01:30Z" duration="0.013576" asserts="0">
                <properties>
                  <property name="retryIteration" value="0" />
                  <property name="repeatIteration" value="0" />
                </properties>
              </test-case>
              <test-case id="1062" name="TavernService_Capacities_CalculatedFromSaveAndFormula" fullname="GuildMaster.Tests.EditMode.S6_5A_Stage2_ServiceWiringTests.TavernService_Capacities_CalculatedFromSaveAndFormula" methodname="TavernService_Capacities_CalculatedFromSaveAndFormula" classname="GuildMaster.Tests.EditMode.S6_5A_Stage2_ServiceWiringTests" runstate="Runnable" seed="919367759" result="Passed" start-time="2026-07-27 05:01:30Z" end-time="2026-07-27 05:01:30Z" duration="0.014349" asserts="0">
                <properties>
                  <property name="retryIteration" value="0" />
                  <property name="repeatIteration" value="0" />
                </properties>
              </test-case>
            </test-suite>
            <test-suite type="TestFixture" id="1064" name="S6_5A_Stage3_TavernTests" fullname="GuildMaster.Tests.EditMode.S6_5A_Stage3_TavernTests" classname="GuildMaster.Tests.EditMode.S6_5A_Stage3_TavernTests" runstate="Runnable" testcasecount="4" result="Passed" start-time="2026-07-27 05:01:30Z" end-time="2026-07-27 05:01:30Z" duration="0.056991" total="4" passed="4" failed="0" inconclusive="0" skipped="0" asserts="0">
              <properties />
              <test-case id="1066" name="TavernService_ProgressVisitorTime_TriggersVisitorOnTimerExpiry" fullname="GuildMaster.Tests.EditMode.S6_5A_Stage3_TavernTests.TavernService_ProgressVisitorTime_TriggersVisitorOnTimerExpiry" methodname="TavernService_ProgressVisitorTime_TriggersVisitorOnTimerExpiry" classname="GuildMaster.Tests.EditMode.S6_5A_Stage3_TavernTests" runstate="Runnable" seed="127667119" result="Passed" start-time="2026-07-27 05:01:30Z" end-time="2026-07-27 05:01:30Z" duration="0.014443" asserts="0">
                <properties>
                  <property name="retryIteration" value="0" />
                  <property name="repeatIteration" value="0" />
                </properties>
              </test-case>
              <test-case id="1067" name="TavernService_RecruitGuest_TransfersGuestToCharacterAndIsFree" fullname="GuildMaster.Tests.EditMode.S6_5A_Stage3_TavernTests.TavernService_RecruitGuest_TransfersGuestToCharacterAndIsFree" methodname="TavernService_RecruitGuest_TransfersGuestToCharacterAndIsFree" classname="GuildMaster.Tests.EditMode.S6_5A_Stage3_TavernTests" runstate="Runnable" seed="1369648390" result="Passed" start-time="2026-07-27 05:01:30Z" end-time="2026-07-27 05:01:30Z" duration="0.014303" asserts="0">
                <properties>
                  <property name="retryIteration" value="0" />
                  <property name="repeatIteration" value="0" />
                </properties>
              </test-case>
              <test-case id="1068" name="TavernService_Upgrades_DeductMoneyAndIncreaseLevel" fullname="GuildMaster.Tests.EditMode.S6_5A_Stage3_TavernTests.TavernService_Upgrades_DeductMoneyAndIncreaseLevel" methodname="TavernService_Upgrades_DeductMoneyAndIncreaseLevel" classname="GuildMaster.Tests.EditMode.S6_5A_Stage3_TavernTests" runstate="Runnable" seed="1791804252" result="Passed" start-time="2026-07-27 05:01:30Z" end-time="2026-07-27 05:01:30Z" duration="0.013757" asserts="0">
                <properties>
                  <property name="retryIteration" value="0" />
                  <property name="repeatIteration" value="0" />
                </properties>
              </test-case>
              <test-case id="1065" name="TavernService_VisitorGeneration_InsertsAtFrontAndTrims" fullname="GuildMaster.Tests.EditMode.S6_5A_Stage3_TavernTests.TavernService_VisitorGeneration_InsertsAtFrontAndTrims" methodname="TavernService_VisitorGeneration_InsertsAtFrontAndTrims" classname="GuildMaster.Tests.EditMode.S6_5A_Stage3_TavernTests" runstate="Runnable" seed="207783352" result="Passed" start-time="2026-07-27 05:01:30Z" end-time="2026-07-27 05:01:30Z" duration="0.013409" asserts="0">
                <properties>
                  <property name="retryIteration" value="0" />
                  <property name="repeatIteration" value="0" />
                </properties>
              </test-case>
            </test-suite>
            <test-suite type="TestFixture" id="1069" name="S6_5A_Stage4_CharacterTests" fullname="GuildMaster.Tests.EditMode.S6_5A_Stage4_CharacterTests" classname="GuildMaster.Tests.EditMode.S6_5A_Stage4_CharacterTests" runstate="Runnable" testcasecount="3" result="Passed" start-time="2026-07-27 05:01:30Z" end-time="2026-07-27 05:01:30Z" duration="0.042479" total="3" passed="3" failed="0" inconclusive="0" skipped="0" asserts="0">
              <properties />
              <test-case id="1070" name="CalculateTotalStat_AscendedMultiplier_AppliesToConIntDexHpNotDefMdef" fullname="GuildMaster.Tests.EditMode.S6_5A_Stage4_CharacterTests.CalculateTotalStat_AscendedMultiplier_AppliesToConIntDexHpNotDefMdef" methodname="CalculateTotalStat_AscendedMultiplier_AppliesToConIntDexHpNotDefMdef" classname="GuildMaster.Tests.EditMode.S6_5A_Stage4_CharacterTests" runstate="Runnable" seed="109544591" result="Passed" start-time="2026-07-27 05:01:30Z" end-time="2026-07-27 05:01:30Z" duration="0.014178" asserts="0">
                <properties>
                  <property name="retryIteration" value="0" />
                  <property name="repeatIteration" value="0" />
                </properties>
              </test-case>
              <test-case id="1071" name="CalculateTotalStat_PotionMapping_UsesCorrectPotionIndices" fullname="GuildMaster.Tests.EditMode.S6_5A_Stage4_CharacterTests.CalculateTotalStat_PotionMapping_UsesCorrectPotionIndices" methodname="CalculateTotalStat_PotionMapping_UsesCorrectPotionIndices" classname="GuildMaster.Tests.EditMode.S6_5A_Stage4_CharacterTests" runstate="Runnable" seed="1576662410" result="Passed" start-time="2026-07-27 05:01:30Z" end-time="2026-07-27 05:01:30Z" duration="0.013755" asserts="0">
                <properties>
                  <property name="retryIteration" value="0" />
                  <property name="repeatIteration" value="0" />
                </properties>
              </test-case>
              <test-case id="1072" name="CalculateTotalStat_TraitMultiplier_AppliesTraitTableWithDecodeMathRound" fullname="GuildMaster.Tests.EditMode.S6_5A_Stage4_CharacterTests.CalculateTotalStat_TraitMultiplier_AppliesTraitTableWithDecodeMathRound" methodname="CalculateTotalStat_TraitMultiplier_AppliesTraitTableWithDecodeMathRound" classname="GuildMaster.Tests.EditMode.S6_5A_Stage4_CharacterTests" runstate="Runnable" seed="610642189" result="Passed" start-time="2026-07-27 05:01:30Z" end-time="2026-07-27 05:01:30Z" duration="0.013737" asserts="0">
                <properties>
                  <property name="retryIteration" value="0" />
                  <property name="repeatIteration" value="0" />
                </properties>
              </test-case>
            </test-suite>
            <test-suite type="TestFixture" id="1073" name="S6_5A_Stage5_InventoryTests" fullname="GuildMaster.Tests.EditMode.S6_5A_Stage5_InventoryTests" classname="GuildMaster.Tests.EditMode.S6_5A_Stage5_InventoryTests" runstate="Runnable" testcasecount="3" result="Passed" start-time="2026-07-27 05:01:30Z" end-time="2026-07-27 05:01:30Z" duration="0.057439" total="3" passed="3" failed="0" inconclusive="0" skipped="0" asserts="0">
              <properties />
              <test-case id="1074" name="InventoryService_CategoryFiltering_ReturnsMatchingCategoryOnly" fullname="GuildMaster.Tests.EditMode.S6_5A_Stage5_InventoryTests.InventoryService_CategoryFiltering_ReturnsMatchingCategoryOnly" methodname="InventoryService_CategoryFiltering_ReturnsMatchingCategoryOnly" classname="GuildMaster.Tests.EditMode.S6_5A_Stage5_InventoryTests" runstate="Runnable" seed="495443134" result="Passed" start-time="2026-07-27 05:01:30Z" end-time="2026-07-27 05:01:30Z" duration="0.014942" asserts="0">
                <properties>
                  <property name="retryIteration" value="0" />
                  <property name="repeatIteration" value="0" />
                </properties>
              </test-case>
              <test-case id="1075" name="InventoryService_ToggleLockItem_TogglesAndPersistsInSave" fullname="GuildMaster.Tests.EditMode.S6_5A_Stage5_InventoryTests.InventoryService_ToggleLockItem_TogglesAndPersistsInSave" methodname="InventoryService_ToggleLockItem_TogglesAndPersistsInSave" classname="GuildMaster.Tests.EditMode.S6_5A_Stage5_InventoryTests" runstate="Runnable" seed="1768905850" result="Passed" start-time="2026-07-27 05:01:30Z" end-time="2026-07-27 05:01:30Z" duration="0.014163" asserts="0">
                <properties>
                  <property name="retryIteration" value="0" />
                  <property name="repeatIteration" value="0" />
                </properties>
              </test-case>
              <test-case id="1076" name="InventoryService_UseConsumable_ConsumesItemAndHealsTarget" fullname="GuildMaster.Tests.EditMode.S6_5A_Stage5_InventoryTests.InventoryService_UseConsumable_ConsumesItemAndHealsTarget" methodname="InventoryService_UseConsumable_ConsumesItemAndHealsTarget" classname="GuildMaster.Tests.EditMode.S6_5A_Stage5_InventoryTests" runstate="Runnable" seed="313415301" result="Passed" start-time="2026-07-27 05:01:30Z" end-time="2026-07-27 05:01:30Z" duration="0.027584" asserts="0">
                <properties>
                  <property name="retryIteration" value="0" />
                  <property name="repeatIteration" value="0" />
                </properties>
              </test-case>
            </test-suite>
            <test-suite type="TestFixture" id="1077" name="S6_5A_Stage6_CraftTests" fullname="GuildMaster.Tests.EditMode.S6_5A_Stage6_CraftTests" classname="GuildMaster.Tests.EditMode.S6_5A_Stage6_CraftTests" runstate="Runnable" testcasecount="2" result="Passed" start-time="2026-07-27 05:01:30Z" end-time="2026-07-27 05:01:30Z" duration="0.101238" total="2" passed="2" failed="0" inconclusive="0" skipped="0" asserts="0">
              <properties />
              <test-case id="1078" name="CraftService_GetMaxCraftable_CalculatesBasedOnIngredients" fullname="GuildMaster.Tests.EditMode.S6_5A_Stage6_CraftTests.CraftService_GetMaxCraftable_CalculatesBasedOnIngredients" methodname="CraftService_GetMaxCraftable_CalculatesBasedOnIngredients" classname="GuildMaster.Tests.EditMode.S6_5A_Stage6_CraftTests" runstate="Runnable" seed="991668718" result="Passed" start-time="2026-07-27 05:01:30Z" end-time="2026-07-27 05:01:30Z" duration="0.050489" asserts="0">
                <properties>
                  <property name="retryIteration" value="0" />
                  <property name="repeatIteration" value="0" />
                </properties>
              </test-case>
              <test-case id="1079" name="CraftService_TryStartCraftAndProgressAndClaim_FlowWorks" fullname="GuildMaster.Tests.EditMode.S6_5A_Stage6_CraftTests.CraftService_TryStartCraftAndProgressAndClaim_FlowWorks" methodname="CraftService_TryStartCraftAndProgressAndClaim_FlowWorks" classname="GuildMaster.Tests.EditMode.S6_5A_Stage6_CraftTests" runstate="Runnable" seed="1821364017" result="Passed" start-time="2026-07-27 05:01:30Z" end-time="2026-07-27 05:01:30Z" duration="0.049863" asserts="0">
                <properties>
                  <property name="retryIteration" value="0" />
                  <property name="repeatIteration" value="0" />
                </properties>
              </test-case>
            </test-suite>
            <test-suite type="TestFixture" id="1080" name="S6_5A_Stage7_MerchantTests" fullname="GuildMaster.Tests.EditMode.S6_5A_Stage7_MerchantTests" classname="GuildMaster.Tests.EditMode.S6_5A_Stage7_MerchantTests" runstate="Runnable" testcasecount="4" result="Passed" start-time="2026-07-27 05:01:30Z" end-time="2026-07-27 05:01:30Z" duration="0.160160" total="4" passed="4" failed="0" inconclusive="0" skipped="0" asserts="0">
              <properties />
              <test-case id="1083" name="MerchantService_BuyOfferGems_DeductsGems" fullname="GuildMaster.Tests.EditMode.S6_5A_Stage7_MerchantTests.MerchantService_BuyOfferGems_DeductsGems" methodname="MerchantService_BuyOfferGems_DeductsGems" classname="GuildMaster.Tests.EditMode.S6_5A_Stage7_MerchantTests" runstate="Runnable" seed="33117516" result="Passed" start-time="2026-07-27 05:01:30Z" end-time="2026-07-27 05:01:30Z" duration="0.048886" asserts="0">
                <properties>
                  <property name="retryIteration" value="0" />
                  <property name="repeatIteration" value="0" />
                </properties>
              </test-case>
              <test-case id="1081" name="MerchantService_BuyOfferGold_DeductsMoneyAndGrantsItem" fullname="GuildMaster.Tests.EditMode.S6_5A_Stage7_MerchantTests.MerchantService_BuyOfferGold_DeductsMoneyAndGrantsItem" methodname="MerchantService_BuyOfferGold_DeductsMoneyAndGrantsItem" classname="GuildMaster.Tests.EditMode.S6_5A_Stage7_MerchantTests" runstate="Runnable" seed="1271477313" result="Passed" start-time="2026-07-27 05:01:30Z" end-time="2026-07-27 05:01:30Z" duration="0.048132" asserts="0">
                <properties>
                  <property name="retryIteration" value="0" />
                  <property name="repeatIteration" value="0" />
                </properties>
              </test-case>
              <test-case id="1082" name="MerchantService_BuyOfferGold_FailsWhenInsufficientMoneyAndNoMutation" fullname="GuildMaster.Tests.EditMode.S6_5A_Stage7_MerchantTests.MerchantService_BuyOfferGold_FailsWhenInsufficientMoneyAndNoMutation" methodname="MerchantService_BuyOfferGold_FailsWhenInsufficientMoneyAndNoMutation" classname="GuildMaster.Tests.EditMode.S6_5A_Stage7_MerchantTests" runstate="Runnable" seed="166239715" result="Passed" start-time="2026-07-27 05:01:30Z" end-time="2026-07-27 05:01:30Z" duration="0.049290" asserts="0">
                <properties>
                  <property name="retryIteration" value="0" />
                  <property name="repeatIteration" value="0" />
                </properties>
              </test-case>
              <test-case id="1084" name="MerchantService_SellMarketProgressAndClaim_FlowWorks" fullname="GuildMaster.Tests.EditMode.S6_5A_Stage7_MerchantTests.MerchantService_SellMarketProgressAndClaim_FlowWorks" methodname="MerchantService_SellMarketProgressAndClaim_FlowWorks" classname="GuildMaster.Tests.EditMode.S6_5A_Stage7_MerchantTests" runstate="Runnable" seed="938547564" result="Passed" start-time="2026-07-27 05:01:30Z" end-time="2026-07-27 05:01:30Z" duration="0.012770" asserts="0">
                <properties>
                  <property name="retryIteration" value="0" />
                  <property name="repeatIteration" value="0" />
                </properties>
              </test-case>
            </test-suite>
            <test-suite type="TestFixture" id="1085" name="S6_5A_Stage8_DungeonCombatTests" fullname="GuildMaster.Tests.EditMode.S6_5A_Stage8_DungeonCombatTests" classname="GuildMaster.Tests.EditMode.S6_5A_Stage8_DungeonCombatTests" runstate="Runnable" testcasecount="2" result="Passed" start-time="2026-07-27 05:01:30Z" end-time="2026-07-27 05:01:30Z" duration="0.027291" total="2" passed="2" failed="0" inconclusive="0" skipped="0" asserts="0">
              <properties />
              <test-case id="1086" name="CombatService_ApplyDamage_CalculatesDefenseAndShieldAbsorption" fullname="GuildMaster.Tests.EditMode.S6_5A_Stage8_DungeonCombatTests.CombatService_ApplyDamage_CalculatesDefenseAndShieldAbsorption" methodname="CombatService_ApplyDamage_CalculatesDefenseAndShieldAbsorption" classname="GuildMaster.Tests.EditMode.S6_5A_Stage8_DungeonCombatTests" runstate="Runnable" seed="1237440615" result="Passed" start-time="2026-07-27 05:01:30Z" end-time="2026-07-27 05:01:30Z" duration="0.012389" asserts="0">
                <properties>
                  <property name="retryIteration" value="0" />
                  <property name="repeatIteration" value="0" />
                </properties>
              </test-case>
              <test-case id="1087" name="DungeonService_StateMachineTick_TransitionsStateAndResetsProgressOnDefeat" fullname="GuildMaster.Tests.EditMode.S6_5A_Stage8_DungeonCombatTests.DungeonService_StateMachineTick_TransitionsStateAndResetsProgressOnDefeat" methodname="DungeonService_StateMachineTick_TransitionsStateAndResetsProgressOnDefeat" classname="GuildMaster.Tests.EditMode.S6_5A_Stage8_DungeonCombatTests" runstate="Runnable" seed="2079968591" result="Passed" start-time="2026-07-27 05:01:30Z" end-time="2026-07-27 05:01:30Z" duration="0.014277" asserts="0">
                <properties>
                  <property name="retryIteration" value="0" />
                  <property name="repeatIteration" value="0" />
                </properties>
              </test-case>
            </test-suite>
            <test-suite type="TestFixture" id="1088" name="S6_5A_Stage9_QuestTests" fullname="GuildMaster.Tests.EditMode.S6_5A_Stage9_QuestTests" classname="GuildMaster.Tests.EditMode.S6_5A_Stage9_QuestTests" runstate="Runnable" testcasecount="2" result="Passed" start-time="2026-07-27 05:01:30Z" end-time="2026-07-27 05:01:30Z" duration="0.026934" total="2" passed="2" failed="0" inconclusive="0" skipped="0" asserts="0">
              <properties />
              <test-case id="1090" name="QuestService_ClaimReward_AwardsProgressToDoctrineAndCompletesQuest" fullname="GuildMaster.Tests.EditMode.S6_5A_Stage9_QuestTests.QuestService_ClaimReward_AwardsProgressToDoctrineAndCompletesQuest" methodname="QuestService_ClaimReward_AwardsProgressToDoctrineAndCompletesQuest" classname="GuildMaster.Tests.EditMode.S6_5A_Stage9_QuestTests" runstate="Runnable" seed="1137204791" result="Passed" start-time="2026-07-27 05:01:30Z" end-time="2026-07-27 05:01:30Z" duration="0.013593" asserts="0">
                <properties>
                  <property name="retryIteration" value="0" />
                  <property name="repeatIteration" value="0" />
                </properties>
              </test-case>
              <test-case id="1089" name="QuestService_RewardFromRarity_ReturnsExactRecoveredValues" fullname="GuildMaster.Tests.EditMode.S6_5A_Stage9_QuestTests.QuestService_RewardFromRarity_ReturnsExactRecoveredValues" methodname="QuestService_RewardFromRarity_ReturnsExactRecoveredValues" classname="GuildMaster.Tests.EditMode.S6_5A_Stage9_QuestTests" runstate="Runnable" seed="1823805131" result="Passed" start-time="2026-07-27 05:01:30Z" end-time="2026-07-27 05:01:30Z" duration="0.012762" asserts="0">
                <properties>
                  <property name="retryIteration" value="0" />
                  <property name="repeatIteration" value="0" />
                </properties>
              </test-case>
            </test-suite>
          </test-suite>
          <test-suite type="TestSuite" id="1094" name="Editor" fullname="GuildMaster.Tests.Editor" runstate="Runnable" testcasecount="1" result="Passed" start-time="2026-07-27 05:01:30Z" end-time="2026-07-27 05:01:30Z" duration="0.015345" total="1" passed="1" failed="0" inconclusive="0" skipped="0" asserts="0">
            <properties />
            <test-suite type="TestFixture" id="1001" name="S3B2DDataImportTests" fullname="GuildMaster.Tests.Editor.S3B2DDataImportTests" classname="GuildMaster.Tests.Editor.S3B2DDataImportTests" runstate="Runnable" testcasecount="1" result="Passed" start-time="2026-07-27 05:01:30Z" end-time="2026-07-27 05:01:30Z" duration="0.015028" total="1" passed="1" failed="0" inconclusive="0" skipped="0" asserts="0">
              <properties />
              <test-case id="1002" name="Validate_DataImport_FromConverter" fullname="GuildMaster.Tests.Editor.S3B2DDataImportTests.Validate_DataImport_FromConverter" methodname="Validate_DataImport_FromConverter" classname="GuildMaster.Tests.Editor.S3B2DDataImportTests" runstate="Runnable" seed="67177740" result="Passed" start-time="2026-07-27 05:01:30Z" end-time="2026-07-27 05:01:30Z" duration="0.014680" asserts="0">
                <properties>
                  <property name="retryIteration" value="0" />
                  <property name="repeatIteration" value="0" />
                </properties>
                <output><![CDATA[[S3B2D] Recipes loaded: 321
[S3B2D] Dungeons loaded: 11
[S3B2D] Total regular offers loaded: 59
[S3B2D] Total special offers loaded: 93
[S3B2D] First recipe: recipe_absolutezero, Output: absolutezero, Ingredients: 0
[S3B2D] First merchant offer in barren_wastelands: elasticmembrane x12 w:260
]]></output>
              </test-case>
            </test-suite>
          </test-suite>
        </test-suite>
      </test-suite>
    </test-suite>
    <test-suite type="Assembly" id="1162" name="McpUnity.Editor.Tests.dll" fullname="D:/Tinh/Rebuild_GuildMaster/Library/ScriptAssemblies/McpUnity.Editor.Tests.dll" runstate="Runnable" testcasecount="59" result="Passed" start-time="2026-07-27 05:01:30Z" end-time="2026-07-27 05:01:33Z" duration="2.545757" total="59" passed="59" failed="0" inconclusive="0" skipped="0" asserts="0">
      <properties>
        <property name="_PID" value="107540" />
        <property name="_APPDOMAIN" value="Unity Child Domain" />
        <property name="platform" value="EditMode" />
        <property name="EditorOnly" value="True" />
      </properties>
      <test-suite type="TestSuite" id="1163" name="McpUnity" fullname="McpUnity" runstate="Runnable" testcasecount="59" result="Passed" start-time="2026-07-27 05:01:30Z" end-time="2026-07-27 05:01:33Z" duration="2.545543" total="59" passed="59" failed="0" inconclusive="0" skipped="0" asserts="0">
        <properties />
        <test-suite type="TestSuite" id="1164" name="Tests" fullname="McpUnity.Tests" runstate="Runnable" testcasecount="59" result="Passed" start-time="2026-07-27 05:01:30Z" end-time="2026-07-27 05:01:33Z" duration="2.545441" total="59" passed="59" failed="0" inconclusive="0" skipped="0" asserts="0">
          <properties />
          <test-suite type="TestFixture" id="1097" name="BatchExecuteToolTests" fullname="McpUnity.Tests.BatchExecuteToolTests" classname="McpUnity.Tests.BatchExecuteToolTests" runstate="Runnable" testcasecount="14" result="Passed" start-time="2026-07-27 05:01:30Z" end-time="2026-07-27 05:01:30Z" duration="0.023355" total="14" passed="14" failed="0" inconclusive="0" skipped="0" asserts="0">
            <properties />
            <test-case id="1098" name="BatchExecuteTool_HasCorrectName" fullname="McpUnity.Tests.BatchExecuteToolTests.BatchExecuteTool_HasCorrectName" methodname="BatchExecuteTool_HasCorrectName" classname="McpUnity.Tests.BatchExecuteToolTests" runstate="Runnable" seed="1865845272" result="Passed" start-time="2026-07-27 05:01:30Z" end-time="2026-07-27 05:01:30Z" duration="0.000510" asserts="0">
              <properties>
                <property name="retryIteration" value="0" />
                <property name="repeatIteration" value="0" />
              </properties>
            </test-case>
            <test-case id="1100" name="BatchExecuteTool_HasDescription" fullname="McpUnity.Tests.BatchExecuteToolTests.BatchExecuteTool_HasDescription" methodname="BatchExecuteTool_HasDescription" classname="McpUnity.Tests.BatchExecuteToolTests" runstate="Runnable" seed="1247329445" result="Passed" start-time="2026-07-27 05:01:30Z" end-time="2026-07-27 05:01:30Z" duration="0.000169" asserts="0">
              <properties>
                <property name="retryIteration" value="0" />
                <property name="repeatIteration" value="0" />
              </properties>
            </test-case>
            <test-case id="1099" name="BatchExecuteTool_IsAsync" fullname="McpUnity.Tests.BatchExecuteToolTests.BatchExecuteTool_IsAsync" methodname="BatchExecuteTool_IsAsync" classname="McpUnity.Tests.BatchExecuteToolTests" runstate="Runnable" seed="1816782521" result="Passed" start-time="2026-07-27 05:01:30Z" end-time="2026-07-27 05:01:30Z" duration="0.000081" asserts="0">
              <properties>
                <property name="retryIteration" value="0" />
                <property name="repeatIteration" value="0" />
              </properties>
            </test-case>
            <test-case id="1111" name="BatchExecuteTool_OperationResultsHaveCorrectFormat" fullname="McpUnity.Tests.BatchExecuteToolTests.BatchExecuteTool_OperationResultsHaveCorrectFormat" methodname="BatchExecuteTool_OperationResultsHaveCorrectFormat" classname="McpUnity.Tests.BatchExecuteToolTests" runstate="Runnable" seed="531825112" result="Passed" start-time="2026-07-27 05:01:30Z" end-time="2026-07-27 05:01:30Z" duration="0.013082" asserts="0">
              <properties>
                <property name="_JOINTYPE" value="UnityCombinatorial" />
                <property name="retryIteration" value="0" />
                <property name="repeatIteration" value="0" />
              </properties>
            </test-case>
            <test-case id="1110" name="BatchExecuteTool_ResponseContainsRequiredFields" fullname="McpUnity.Tests.BatchExecuteToolTests.BatchExecuteTool_ResponseContainsRequiredFields" methodname="BatchExecuteTool_ResponseContainsRequiredFields" classname="McpUnity.Tests.BatchExecuteToolTests" runstate="Runnable" seed="352653490" result="Passed" start-time="2026-07-27 05:01:30Z" end-time="2026-07-27 05:01:30Z" duration="0.000748" asserts="0">
              <properties>
                <property name="_JOINTYPE" value="UnityCombinatorial" />
                <property name="retryIteration" value="0" />
                <property name="repeatIteration" value="0" />
              </properties>
            </test-case>
            <test-case id="1109" name="BatchExecuteTool_StopOnErrorFalse_ContinuesAfterError" fullname="McpUnity.Tests.BatchExecuteToolTests.BatchExecuteTool_StopOnErrorFalse_ContinuesAfterError" methodname="BatchExecuteTool_StopOnErrorFalse_ContinuesAfterError" classname="McpUnity.Tests.BatchExecuteToolTests" runstate="Runnable" seed="1150488713" result="Passed" start-time="2026-07-27 05:01:30Z" end-time="2026-07-27 05:01:30Z" duration="0.000934" asserts="0">
              <properties>
                <property name="_JOINTYPE" value="UnityCombinatorial" />
                <property name="retryIteration" value="0" />
                <property name="repeatIteration" value="0" />
              </properties>
            </test-case>
            <test-case id="1108" name="BatchExecuteTool_StopOnErrorTrue_StopsAtFirstError" fullname="McpUnity.Tests.BatchExecuteToolTests.BatchExecuteTool_StopOnErrorTrue_StopsAtFirstError" methodname="BatchExecuteTool_StopOnErrorTrue_StopsAtFirstError" classname="McpUnity.Tests.BatchExecuteToolTests" runstate="Runnable" seed="662729275" result="Passed" start-time="2026-07-27 05:01:30Z" end-time="2026-07-27 05:01:30Z" duration="0.000973" asserts="0">
              <properties>
                <property name="_JOINTYPE" value="UnityCombinatorial" />
                <property name="retryIteration" value="0" />
                <property name="repeatIteration" value="0" />
              </properties>
            </test-case>
            <test-case id="1101" name="BatchExecuteTool_WithEmptyOperations_ReturnsError" fullname="McpUnity.Tests.BatchExecuteToolTests.BatchExecuteTool_WithEmptyOperations_ReturnsError" methodname="BatchExecuteTool_WithEmptyOperations_ReturnsError" classname="McpUnity.Tests.BatchExecuteToolTests" runstate="Runnable" seed="311040573" result="Passed" start-time="2026-07-27 05:01:30Z" end-time="2026-07-27 05:01:30Z" duration="0.000921" asserts="0">
              <properties>
                <property name="_JOINTYPE" value="UnityCombinatorial" />
                <property name="retryIteration" value="0" />
                <property name="repeatIteration" value="0" />
              </properties>
            </test-case>
            <test-case id="1107" name="BatchExecuteTool_WithMultipleOperations_Succeeds" fullname="McpUnity.Tests.BatchExecuteToolTests.BatchExecuteTool_WithMultipleOperations_Succeeds" methodname="BatchExecuteTool_WithMultipleOperations_Succeeds" classname="McpUnity.Tests.BatchExecuteToolTests" runstate="Runnable" seed="1918369476" result="Passed" start-time="2026-07-27 05:01:30Z" end-time="2026-07-27 05:01:30Z" duration="0.001019" asserts="0">
              <properties>
                <property name="_JOINTYPE" value="UnityCombinatorial" />
                <property name="retryIteration" value="0" />
                <property name="repeatIteration" value="0" />
              </properties>
            </test-case>
            <test-case id="1104" name="BatchExecuteTool_WithNestedBatchExecute_ReturnsError" fullname="McpUnity.Tests.BatchExecuteToolTests.BatchExecuteTool_WithNestedBatchExecute_ReturnsError" methodname="BatchExecuteTool_WithNestedBatchExecute_ReturnsError" classname="McpUnity.Tests.BatchExecuteToolTests" runstate="Runnable" seed="1720691364" result="Passed" start-time="2026-07-27 05:01:30Z" end-time="2026-07-27 05:01:30Z" duration="0.000706" asserts="0">
              <properties>
                <property name="_JOINTYPE" value="UnityCombinatorial" />
                <property name="retryIteration" value="0" />
                <property name="repeatIteration" value="0" />
              </properties>
            </test-case>
            <test-case id="1102" name="BatchExecuteTool_WithNullOperations_ReturnsError" fullname="McpUnity.Tests.BatchExecuteToolTests.BatchExecuteTool_WithNullOperations_ReturnsError" methodname="BatchExecuteTool_WithNullOperations_ReturnsError" classname="McpUnity.Tests.BatchExecuteToolTests" runstate="Runnable" seed="751104268" result="Passed" start-time="2026-07-27 05:01:30Z" end-time="2026-07-27 05:01:30Z" duration="0.000462" asserts="0">
              <properties>
                <property name="_JOINTYPE" value="UnityCombinatorial" />
                <property name="retryIteration" value="0" />
                <property name="repeatIteration" value="0" />
              </properties>
            </test-case>
            <test-case id="1106" name="BatchExecuteTool_WithSingleOperation_Succeeds" fullname="McpUnity.Tests.BatchExecuteToolTests.BatchExecuteTool_WithSingleOperation_Succeeds" methodname="BatchExecuteTool_WithSingleOperation_Succeeds" classname="McpUnity.Tests.BatchExecuteToolTests" runstate="Runnable" seed="703114010" result="Passed" start-time="2026-07-27 05:01:30Z" end-time="2026-07-27 05:01:30Z" duration="0.000750" asserts="0">
              <properties>
                <property name="_JOINTYPE" value="UnityCombinatorial" />
                <property name="retryIteration" value="0" />
                <property name="repeatIteration" value="0" />
              </properties>
            </test-case>
            <test-case id="1103" name="BatchExecuteTool_WithTooManyOperations_ReturnsError" fullname="McpUnity.Tests.BatchExecuteToolTests.BatchExecuteTool_WithTooManyOperations_ReturnsError" methodname="BatchExecuteTool_WithTooManyOperations_ReturnsError" classname="McpUnity.Tests.BatchExecuteToolTests" runstate="Runnable" seed="458416865" result="Passed" start-time="2026-07-27 05:01:30Z" end-time="2026-07-27 05:01:30Z" duration="0.000671" asserts="0">
              <properties>
                <property name="_JOINTYPE" value="UnityCombinatorial" />
                <property name="retryIteration" value="0" />
                <property name="repeatIteration" value="0" />
              </properties>
            </test-case>
            <test-case id="1105" name="BatchExecuteTool_WithUnknownTool_ReturnsError" fullname="McpUnity.Tests.BatchExecuteToolTests.BatchExecuteTool_WithUnknownTool_ReturnsError" methodname="BatchExecuteTool_WithUnknownTool_ReturnsError" classname="McpUnity.Tests.BatchExecuteToolTests" runstate="Runnable" seed="1178490067" result="Passed" start-time="2026-07-27 05:01:30Z" end-time="2026-07-27 05:01:30Z" duration="0.000770" asserts="0">
              <properties>
                <property name="_JOINTYPE" value="UnityCombinatorial" />
                <property name="retryIteration" value="0" />
                <property name="repeatIteration" value="0" />
              </properties>
            </test-case>
          </test-suite>
          <test-suite type="TestFixture" id="1112" name="GetGameObjectResourceTests" fullname="McpUnity.Tests.GetGameObjectResourceTests" classname="McpUnity.Tests.GetGameObjectResourceTests" runstate="Runnable" testcasecount="5" result="Passed" start-time="2026-07-27 05:01:30Z" end-time="2026-07-27 05:01:30Z" duration="0.034585" total="5" passed="5" failed="0" inconclusive="0" skipped="0" asserts="0">
            <properties />
            <test-case id="1113" name="GameObjectToJObject_WithCollider_SkipsDetailedPropertiesForSafety" fullname="McpUnity.Tests.GetGameObjectResourceTests.GameObjectToJObject_WithCollider_SkipsDetailedPropertiesForSafety" methodname="GameObjectToJObject_WithCollider_SkipsDetailedPropertiesForSafety" classname="McpUnity.Tests.GetGameObjectResourceTests" runstate="Runnable" seed="978468270" result="Passed" start-time="2026-07-27 05:01:30Z" end-time="2026-07-27 05:01:30Z" duration="0.030792" asserts="0">
              <properties>
                <property name="retryIteration" value="0" />
[...]
              <properties>
                <property name="retryIteration" value="0" />
                <property name="repeatIteration" value="0" />
              </properties>
            </test-case>
            <test-case id="1119" name="FindShader_WithStandardShader_ReturnsShader" fullname="McpUnity.Tests.MaterialToolsTests.FindShader_WithStandardShader_ReturnsShader" methodname="FindShader_WithStandardShader_ReturnsShader" classname="McpUnity.Tests.MaterialToolsTests" runstate="Runnable" seed="246488483" result="Passed" start-time="2026-07-27 05:01:32Z" end-time="2026-07-27 05:01:32Z" duration="0.049283" asserts="0">
              <properties>
                <property name="retryIteration" value="0" />
                <property name="repeatIteration" value="0" />
              </properties>
            </test-case>
            <test-case id="1120" name="FindShader_WithUnlitColor_ReturnsShader" fullname="McpUnity.Tests.MaterialToolsTests.FindShader_WithUnlitColor_ReturnsShader" methodname="FindShader_WithUnlitColor_ReturnsShader" classname="McpUnity.Tests.MaterialToolsTests" runstate="Runnable" seed="1628114740" result="Passed" start-time="2026-07-27 05:01:32Z" end-time="2026-07-27 05:01:32Z" duration="0.059641" asserts="0">
              <properties>
                <property name="retryIteration" value="0" />
                <property name="repeatIteration" value="0" />
              </properties>
            </test-case>
            <test-case id="1134" name="GetMaterialInfoTool_ReturnsCorrectPropertyTypes" fullname="McpUnity.Tests.MaterialToolsTests.GetMaterialInfoTool_ReturnsCorrectPropertyTypes" methodname="GetMaterialInfoTool_ReturnsCorrectPropertyTypes" classname="McpUnity.Tests.MaterialToolsTests" runstate="Runnable" seed="1038345177" result="Passed" start-time="2026-07-27 05:01:32Z" end-time="2026-07-27 05:01:32Z" duration="0.098035" asserts="0">
              <properties>
                <property name="retryIteration" value="0" />
                <property name="repeatIteration" value="0" />
              </properties>
            </test-case>
            <test-case id="1132" name="GetMaterialInfoTool_WithMissingMaterialPath_ReturnsError" fullname="McpUnity.Tests.MaterialToolsTests.GetMaterialInfoTool_WithMissingMaterialPath_ReturnsError" methodname="GetMaterialInfoTool_WithMissingMaterialPath_ReturnsError" classname="McpUnity.Tests.MaterialToolsTests" runstate="Runnable" seed="882183827" result="Passed" start-time="2026-07-27 05:01:32Z" end-time="2026-07-27 05:01:32Z" duration="0.056785" asserts="0">
              <properties>
                <property name="retryIteration" value="0" />
                <property name="repeatIteration" value="0" />
              </properties>
            </test-case>
            <test-case id="1133" name="GetMaterialInfoTool_WithNonExistentMaterial_ReturnsError" fullname="McpUnity.Tests.MaterialToolsTests.GetMaterialInfoTool_WithNonExistentMaterial_ReturnsError" methodname="GetMaterialInfoTool_WithNonExistentMaterial_ReturnsError" classname="McpUnity.Tests.MaterialToolsTests" runstate="Runnable" seed="1395215444" result="Passed" start-time="2026-07-27 05:01:32Z" end-time="2026-07-27 05:01:32Z" duration="0.047875" asserts="0">
              <properties>
                <property name="retryIteration" value="0" />
                <property name="repeatIteration" value="0" />
              </properties>
            </test-case>
            <test-case id="1131" name="GetMaterialInfoTool_WithValidMaterial_ReturnsInfo" fullname="McpUnity.Tests.MaterialToolsTests.GetMaterialInfoTool_WithValidMaterial_ReturnsInfo" methodname="GetMaterialInfoTool_WithValidMaterial_ReturnsInfo" classname="McpUnity.Tests.MaterialToolsTests" runstate="Runnable" seed="1006984882" result="Passed" start-time="2026-07-27 05:01:32Z" end-time="2026-07-27 05:01:32Z" duration="0.092699" asserts="0">
              <properties>
                <property name="retryIteration" value="0" />
                <property name="repeatIteration" value="0" />
              </properties>
            </test-case>
            <test-case id="1124" name="LoadMaterial_WithEmptyPath_ReturnsNull" fullname="McpUnity.Tests.MaterialToolsTests.LoadMaterial_WithEmptyPath_ReturnsNull" methodname="LoadMaterial_WithEmptyPath_ReturnsNull" classname="McpUnity.Tests.MaterialToolsTests" runstate="Runnable" seed="2092851486" result="Passed" start-time="2026-07-27 05:01:32Z" end-time="2026-07-27 05:01:32Z" duration="0.051389" asserts="0">
              <properties>
                <property name="retryIteration" value="0" />
                <property name="repeatIteration" value="0" />
              </properties>
            </test-case>
            <test-case id="1122" name="LoadMaterial_WithNonExistentPath_ReturnsNull" fullname="McpUnity.Tests.MaterialToolsTests.LoadMaterial_WithNonExistentPath_ReturnsNull" methodname="LoadMaterial_WithNonExistentPath_ReturnsNull" classname="McpUnity.Tests.MaterialToolsTests" runstate="Runnable" seed="621392398" result="Passed" start-time="2026-07-27 05:01:32Z" end-time="2026-07-27 05:01:32Z" duration="0.058364" asserts="0">
              <properties>
                <property name="retryIteration" value="0" />
                <property name="repeatIteration" value="0" />
              </properties>
            </test-case>
            <test-case id="1123" name="LoadMaterial_WithNullPath_ReturnsNull" fullname="McpUnity.Tests.MaterialToolsTests.LoadMaterial_WithNullPath_ReturnsNull" methodname="LoadMaterial_WithNullPath_ReturnsNull" classname="McpUnity.Tests.MaterialToolsTests" runstate="Runnable" seed="348894926" result="Passed" start-time="2026-07-27 05:01:32Z" end-time="2026-07-27 05:01:32Z" duration="0.049011" asserts="0">
              <properties>
                <property name="retryIteration" value="0" />
                <property name="repeatIteration" value="0" />
              </properties>
            </test-case>
            <test-case id="1137" name="ModifyMaterialTool_WithEmptyProperties_ReturnsError" fullname="McpUnity.Tests.MaterialToolsTests.ModifyMaterialTool_WithEmptyProperties_ReturnsError" methodname="ModifyMaterialTool_WithEmptyProperties_ReturnsError" classname="McpUnity.Tests.MaterialToolsTests" runstate="Runnable" seed="530872980" result="Passed" start-time="2026-07-27 05:01:32Z" end-time="2026-07-27 05:01:32Z" duration="0.060935" asserts="0">
              <properties>
                <property name="retryIteration" value="0" />
                <property name="repeatIteration" value="0" />
              </properties>
            </test-case>
            <test-case id="1136" name="ModifyMaterialTool_WithMissingMaterialPath_ReturnsError" fullname="McpUnity.Tests.MaterialToolsTests.ModifyMaterialTool_WithMissingMaterialPath_ReturnsError" methodname="ModifyMaterialTool_WithMissingMaterialPath_ReturnsError" classname="McpUnity.Tests.MaterialToolsTests" runstate="Runnable" seed="149033187" result="Passed" start-time="2026-07-27 05:01:32Z" end-time="2026-07-27 05:01:32Z" duration="0.051820" asserts="0">
              <properties>
                <property name="retryIteration" value="0" />
                <property name="repeatIteration" value="0" />
              </properties>
            </test-case>
            <test-case id="1138" name="ModifyMaterialTool_WithUnknownProperty_ReportsUnknown" fullname="McpUnity.Tests.MaterialToolsTests.ModifyMaterialTool_WithUnknownProperty_ReportsUnknown" methodname="ModifyMaterialTool_WithUnknownProperty_ReportsUnknown" classname="McpUnity.Tests.MaterialToolsTests" runstate="Runnable" seed="173278258" result="Passed" start-time="2026-07-27 05:01:32Z" end-time="2026-07-27 05:01:32Z" duration="0.137145" asserts="0">
              <properties>
                <property name="retryIteration" value="0" />
                <property name="repeatIteration" value="0" />
              </properties>
            </test-case>
            <test-case id="1135" name="ModifyMaterialTool_WithValidProperties_ModifiesMaterial" fullname="McpUnity.Tests.MaterialToolsTests.ModifyMaterialTool_WithValidProperties_ModifiesMaterial" methodname="ModifyMaterialTool_WithValidProperties_ModifiesMaterial" classname="McpUnity.Tests.MaterialToolsTests" runstate="Runnable" seed="27305735" result="Passed" start-time="2026-07-27 05:01:32Z" end-time="2026-07-27 05:01:33Z" duration="0.132163" asserts="0">
              <properties>
                <property name="retryIteration" value="0" />
                <property name="repeatIteration" value="0" />
              </properties>
            </test-case>
          </test-suite>
          <test-suite type="TestFixture" id="1146" name="McpUnityServerRetryTests" fullname="McpUnity.Tests.McpUnityServerRetryTests" classname="McpUnity.Tests.McpUnityServerRetryTests" runstate="Runnable" testcasecount="1" result="Passed" start-time="2026-07-27 05:01:33Z" end-time="2026-07-27 05:01:33Z" duration="0.003669" total="1" passed="1" failed="0" inconclusive="0" skipped="0" asserts="0">
            <properties />
            <test-case id="1147" name="DelayedStartRetryDelayUsesBoundedBackoff" fullname="McpUnity.Tests.McpUnityServerRetryTests.DelayedStartRetryDelayUsesBoundedBackoff" methodname="DelayedStartRetryDelayUsesBoundedBackoff" classname="McpUnity.Tests.McpUnityServerRetryTests" runstate="Runnable" seed="185322981" result="Passed" start-time="2026-07-27 05:01:33Z" end-time="2026-07-27 05:01:33Z" duration="0.000411" asserts="0">
              <properties>
                <property name="retryIteration" value="0" />
                <property name="repeatIteration" value="0" />
              </properties>
            </test-case>
          </test-suite>
          <test-suite type="TestFixture" id="1148" name="PathHandlingTests" fullname="McpUnity.Tests.PathHandlingTests" classname="McpUnity.Tests.PathHandlingTests" runstate="Runnable" testcasecount="9" result="Passed" start-time="2026-07-27 05:01:33Z" end-time="2026-07-27 05:01:33Z" duration="0.012286" total="9" passed="9" failed="0" inconclusive="0" skipped="0" asserts="0">
            <properties />
            <test-case id="1157" name="EncodePathForFileUrl_WithMultipleSpaces_EncodesAll" fullname="McpUnity.Tests.PathHandlingTests.EncodePathForFileUrl_WithMultipleSpaces_EncodesAll" methodname="EncodePathForFileUrl_WithMultipleSpaces_EncodesAll" classname="McpUnity.Tests.PathHandlingTests" runstate="Runnable" seed="99370982" result="Passed" start-time="2026-07-27 05:01:33Z" end-time="2026-07-27 05:01:33Z" duration="0.000546" asserts="0">
              <properties>
                <property name="retryIteration" value="0" />
                <property name="repeatIteration" value="0" />
              </properties>
            </test-case>
            <test-case id="1156" name="EncodePathForFileUrl_WithoutSpaces_ReturnsUnchanged" fullname="McpUnity.Tests.PathHandlingTests.EncodePathForFileUrl_WithoutSpaces_ReturnsUnchanged" methodname="EncodePathForFileUrl_WithoutSpaces_ReturnsUnchanged" classname="McpUnity.Tests.PathHandlingTests" runstate="Runnable" seed="1120359220" result="Passed" start-time="2026-07-27 05:01:33Z" end-time="2026-07-27 05:01:33Z" duration="0.000171" asserts="0">
              <properties>
                <property name="retryIteration" value="0" />
                <property name="repeatIteration" value="0" />
              </properties>
            </test-case>
            <test-case id="1155" name="EncodePathForFileUrl_WithSpaces_EncodesCorrectly" fullname="McpUnity.Tests.PathHandlingTests.EncodePathForFileUrl_WithSpaces_EncodesCorrectly" methodname="EncodePathForFileUrl_WithSpaces_EncodesCorrectly" classname="McpUnity.Tests.PathHandlingTests" runstate="Runnable" seed="1120699517" result="Passed" start-time="2026-07-27 05:01:33Z" end-time="2026-07-27 05:01:33Z" duration="0.000143" asserts="0">
              <properties>
                <property name="retryIteration" value="0" />
                <property name="repeatIteration" value="0" />
              </properties>
            </test-case>
            <test-case id="1154" name="ValidateServerPath_WithEmptyPath_ReturnsFalse" fullname="McpUnity.Tests.PathHandlingTests.ValidateServerPath_WithEmptyPath_ReturnsFalse" methodname="ValidateServerPath_WithEmptyPath_ReturnsFalse" classname="McpUnity.Tests.PathHandlingTests" runstate="Runnable" seed="1473205980" result="Passed" start-time="2026-07-27 05:01:33Z" end-time="2026-07-27 05:01:33Z" duration="0.001342" asserts="0">
              <properties>
                <property name="retryIteration" value="0" />
                <property name="repeatIteration" value="0" />
              </properties>
              <output><![CDATA[[MCP Unity] Server path is null or empty. Cannot validate.
]]></output>
            </test-case>
            <test-case id="1152" name="ValidateServerPath_WithMissingPackageJson_ReturnsFalse" fullname="McpUnity.Tests.PathHandlingTests.ValidateServerPath_WithMissingPackageJson_ReturnsFalse" methodname="ValidateServerPath_WithMissingPackageJson_ReturnsFalse" classname="McpUnity.Tests.PathHandlingTests" runstate="Runnable" seed="1074868523" result="Passed" start-time="2026-07-27 05:01:33Z" end-time="2026-07-27 05:01:33Z" duration="0.005363" asserts="0">
              <properties>
                <property name="retryIteration" value="0" />
                <property name="repeatIteration" value="0" />
              </properties>
              <output><![CDATA[[MCP Unity] package.json not found in server path: C:\Users\gifft\AppData\Local\Temp\McpUnityTest
]]></output>
            </test-case>
            <test-case id="1151" name="ValidateServerPath_WithNonExistentPath_ReturnsFalse" fullname="McpUnity.Tests.PathHandlingTests.ValidateServerPath_WithNonExistentPath_ReturnsFalse" methodname="ValidateServerPath_WithNonExistentPath_ReturnsFalse" classname="McpUnity.Tests.PathHandlingTests" runstate="Runnable" seed="1538164125" result="Passed" start-time="2026-07-27 05:01:33Z" end-time="2026-07-27 05:01:33Z" duration="0.000647" asserts="0">
              <properties>
                <property name="retryIteration" value="0" />
                <property name="repeatIteration" value="0" />
              </properties>
              <output><![CDATA[[MCP Unity] Server path does not exist: C:\Users\gifft\AppData\Local\Temp\NonExistentMcpUnityPath12345
]]></output>
            </test-case>
            <test-case id="1153" name="ValidateServerPath_WithNullPath_ReturnsFalse" fullname="McpUnity.Tests.PathHandlingTests.ValidateServerPath_WithNullPath_ReturnsFalse" methodname="ValidateServerPath_WithNullPath_ReturnsFalse" classname="McpUnity.Tests.PathHandlingTests" runstate="Runnable" seed="616062173" result="Passed" start-time="2026-07-27 05:01:33Z" end-time="2026-07-27 05:01:33Z" duration="0.000503" asserts="0">
              <properties>
                <property name="retryIteration" value="0" />
                <property name="repeatIteration" value="0" />
              </properties>
              <output><![CDATA[[MCP Unity] Server path is null or empty. Cannot validate.
]]></output>
            </test-case>
            <test-case id="1150" name="ValidateServerPath_WithSpacesInPath_ReturnsTrue" fullname="McpUnity.Tests.PathHandlingTests.ValidateServerPath_WithSpacesInPath_ReturnsTrue" methodname="ValidateServerPath_WithSpacesInPath_ReturnsTrue" classname="McpUnity.Tests.PathHandlingTests" runstate="Runnable" seed="2028926258" result="Passed" start-time="2026-07-27 05:01:33Z" end-time="2026-07-27 05:01:33Z" duration="0.001719" asserts="0">
              <properties>
                <property name="retryIteration" value="0" />
                <property name="repeatIteration" value="0" />
              </properties>
            </test-case>
            <test-case id="1149" name="ValidateServerPath_WithValidPath_ReturnsTrue" fullname="McpUnity.Tests.PathHandlingTests.ValidateServerPath_WithValidPath_ReturnsTrue" methodname="ValidateServerPath_WithValidPath_ReturnsTrue" classname="McpUnity.Tests.PathHandlingTests" runstate="Runnable" seed="1857826091" result="Passed" start-time="2026-07-27 05:01:33Z" end-time="2026-07-27 05:01:33Z" duration="0.000887" asserts="0">
              <properties>
                <property name="retryIteration" value="0" />
                <property name="repeatIteration" value="0" />
              </properties>
            </test-case>
          </test-suite>
          <test-suite type="TestFixture" id="1158" name="UpdateComponentToolTests" fullname="McpUnity.Tests.UpdateComponentToolTests" classname="McpUnity.Tests.UpdateComponentToolTests" runstate="Runnable" testcasecount="3" result="Passed" start-time="2026-07-27 05:01:33Z" end-time="2026-07-27 05:01:33Z" duration="0.247906" total="3" passed="3" failed="0" inconclusive="0" skipped="0" asserts="0">
            <properties />
            <test-case id="1161" name="Execute_WithMissingObjectReferencePath_ReturnsUpdateError" fullname="McpUnity.Tests.UpdateComponentToolTests.Execute_WithMissingObjectReferencePath_ReturnsUpdateError" methodname="Execute_WithMissingObjectReferencePath_ReturnsUpdateError" classname="McpUnity.Tests.UpdateComponentToolTests" runstate="Runnable" seed="1827273278" result="Passed" start-time="2026-07-27 05:01:33Z" end-time="2026-07-27 05:01:33Z" duration="0.091738" asserts="0">
              <properties>
                <property name="retryIteration" value="0" />
                <property name="repeatIteration" value="0" />
              </properties>
              <output><![CDATA[No script asset for ScriptableObject. Check that the definition is in a file of the same name and that it compiles properly.
[MCP Unity] [MCP Unity] Could not find asset at path 'Assets/UpdateComponentToolTests/Missing.asset'
]]></output>
            </test-case>
            <test-case id="1160" name="Execute_WithNestedObjectReferencePath_UpdatesReference" fullname="McpUnity.Tests.UpdateComponentToolTests.Execute_WithNestedObjectReferencePath_UpdatesReference" methodname="Execute_WithNestedObjectReferencePath_UpdatesReference" classname="McpUnity.Tests.UpdateComponentToolTests" runstate="Runnable" seed="44183315" result="Passed" start-time="2026-07-27 05:01:33Z" end-time="2026-07-27 05:01:33Z" duration="0.074710" asserts="0">
              <properties>
                <property name="retryIteration" value="0" />
                <property name="repeatIteration" value="0" />
              </properties>
              <output><![CDATA[No script asset for ScriptableObject. Check that the definition is in a file of the same name and that it compiles properly.
]]></output>
            </test-case>
            <test-case id="1159" name="Execute_WithPrivateSerializedFieldInBaseClass_UpdatesValue" fullname="McpUnity.Tests.UpdateComponentToolTests.Execute_WithPrivateSerializedFieldInBaseClass_UpdatesValue" methodname="Execute_WithPrivateSerializedFieldInBaseClass_UpdatesValue" classname="McpUnity.Tests.UpdateComponentToolTests" runstate="Runnable" seed="284503311" result="Passed" start-time="2026-07-27 05:01:33Z" end-time="2026-07-27 05:01:33Z" duration="0.080740" asserts="0">
              <properties>
                <property name="retryIteration" value="0" />
                <property name="repeatIteration" value="0" />
              </properties>
              <output><![CDATA[No script asset for ScriptableObject. Check that the definition is in a file of the same name and that it compiles properly.
Saving results to: C:/Users/gifft/AppData/LocalLow/DefaultCompany/Rebuild_GuildMaster\TestResults.xml
]]></output>
            </test-case>
          </test-suite>
        </test-suite>
      </test-suite>
    </test-suite>
  </test-suite>
</test-run>